This file contains any messages produced by compilers while
running configure, to aid debugging if configure makes a mistake.

It was created by configure, which was
generated by GNU Autoconf 2.63.  Invocation command line was

  $ ./configure --prefix=/phenix/u/workarea/bogui/install

## --------- ##
## Platform. ##
## --------- ##

hostname = rcas2079.rcf.bnl.gov
uname -m = x86_64
uname -r = 2.6.32-358.18.1.el6.x86_64
uname -s = Linux
uname -v = #1 SMP Tue Aug 27 14:23:09 CDT 2013

/usr/bin/uname -p = unknown
/bin/uname -X     = unknown

/bin/arch              = x86_64
/usr/bin/arch -k       = unknown
/usr/convex/getsysinfo = unknown
/usr/bin/hostinfo      = unknown
/bin/machine           = unknown
/usr/bin/oslevel       = unknown
/bin/universe          = unknown

PATH: /phenix/u/workarea/bogui/install/bin
PATH: /opt/gcc/4.8.2/bin
PATH: /afs/rhic.bnl.gov/x8664_sl6/opt/sphenix/core/geant4.10.02.p02/bin
PATH: /opt/sphenix/utils/bin
PATH: /opt/sphenix/core/bin
PATH: .
PATH: /usr/local/bin
PATH: /bin
PATH: /usr/bin
PATH: /afs/rhic.bnl.gov/sphenix/sys/x8664_sl6/new.3/bin
PATH: /afs/rhic.bnl.gov/sphenix/sys/x8664_sl6/new.3/bin
PATH: /afs/rhic.bnl.gov/sphenix/sys/x8664_sl6/new.3/root/bin
PATH: /afs/rhic.bnl.gov/app/insure-7.4.6/bin
PATH: /afs/rhic.bnl.gov/opt/d-cache/dcap/bin
PATH: /afs/rhic.bnl.gov/app/coverity-7.6.0/bin
PATH: /afs/rhic.bnl.gov/x8664_sl6/opt/sphenix/core/geant4.10.02.p02/bin


## ----------- ##
## Core tests. ##
## ----------- ##

configure:1914: loading site script /opt/sphenix/core/etc/config.site
| # enable c++11 flag by default
| CXXFLAGS="-g -O2 -std=c++11"
| # Allow LD_LIBRARY_PATH to override RPATH
| LDFLAGS='-Wl,--enable-new-dtags'
configure:2069: checking for a BSD-compatible install
configure:2137: result: /usr/bin/install -c
configure:2148: checking whether build environment is sane
configure:2208: result: yes
configure:2349: checking for a thread-safe mkdir -p
configure:2388: result: /bin/mkdir -p
configure:2401: checking for gawk
configure:2417: found /bin/gawk
configure:2428: result: gawk
configure:2439: checking whether make sets $(MAKE)
configure:2461: result: yes
configure:2602: checking for g++
configure:2618: found /opt/gcc/4.8.2/bin/g++
configure:2629: result: g++
configure:2656: checking for C++ compiler version
configure:2664: g++ --version >&5
g++ (GCC) 4.8.2 20140120 (Red Hat 4.8.2-15)
Copyright (C) 2013 Free Software Foundation, Inc.
This is free software; see the source for copying conditions.  There is NO
warranty; not even for MERCHANTABILITY or FITNESS FOR A PARTICULAR PURPOSE.

configure:2668: $? = 0
configure:2675: g++ -v >&5
Using built-in specs.
COLLECT_GCC=g++
COLLECT_LTO_WRAPPER=/opt/gcc/4.8.2/libexec/gcc/x86_64-redhat-linux7E/4.8.2/lto-wrapper
Target: x86_64-redhat-linux7E
Configured with: ../configure --prefix=/opt/gcc/4.8.2 --mandir=/opt/gcc/4.8.2/share/man --infodir=/opt/gcc/4.8.2/share/info --with-bugurl=http://bugzilla.redhat.com/bugzilla --enable-bootstrap --enable-shared --enable-threads=posix --enable-checking=release --with-system-zlib --enable-__cxa_atexit --disable-libunwind-exceptions --enable-gnu-unique-object --enable-linker-build-id --enable-languages=c,c++,fortran,lto --enable-plugin --with-linker-hash-style=gnu --disable-initfini-array --disable-libgcj --with-isl=/home/hollowec/rpmbuild/BUILD/gcc-4.8.2-20140120/obj-x86_64-redhat-linux7E/isl-install --with-cloog=/home/hollowec/rpmbuild/BUILD/gcc-4.8.2-20140120/obj-x86_64-redhat-linux7E/cloog-install --with-mpc=/home/hollowec/rpmbuild/BUILD/gcc-4.8.2-20140120/obj-x86_64-redhat-linux7E/mpc-install --with-tune=generic --with-arch_32=i686 --build=x86_64-redhat-linux7E
Thread model: posix
gcc version 4.8.2 20140120 (Red Hat 4.8.2-15) (GCC) 
configure:2679: $? = 0
configure:2686: g++ -V >&5
g++: error: unrecognized command line option '-V'
g++: fatal error: no input files
compilation terminated.
configure:2690: $? = 4
configure:2713: checking for C++ compiler default output file name
configure:2735: g++ -g -O2 -std=c++11  -Wl,--enable-new-dtags conftest.cpp  >&5
configure:2739: $? = 0
configure:2777: result: a.out
configure:2796: checking whether the C++ compiler works
configure:2806: ./a.out
configure:2810: $? = 0
configure:2829: result: yes
configure:2836: checking whether we are cross compiling
configure:2838: result: no
configure:2841: checking for suffix of executables
configure:2848: g++ -o conftest -g -O2 -std=c++11  -Wl,--enable-new-dtags conftest.cpp  >&5
configure:2852: $? = 0
configure:2878: result: 
configure:2884: checking for suffix of object files
configure:2910: g++ -c -g -O2 -std=c++11  conftest.cpp >&5
configure:2914: $? = 0
configure:2939: result: o
configure:2943: checking whether we are using the GNU C++ compiler
configure:2972: g++ -c -g -O2 -std=c++11  conftest.cpp >&5
configure:2979: $? = 0
configure:2996: result: yes
configure:3005: checking whether g++ accepts -g
configure:3035: g++ -c -g  conftest.cpp >&5
configure:3042: $? = 0
configure:3143: result: yes
configure:3177: checking for style of include used by make
configure:3205: result: GNU
configure:3230: checking dependency style of g++
configure:3340: result: gcc3
configure:3417: checking build system type
configure:3435: result: x86_64-unknown-linux-gnu
configure:3457: checking host system type
configure:3472: result: x86_64-unknown-linux-gnu
configure:3542: checking for gcc
configure:3558: found /opt/gcc/4.8.2/bin/gcc
configure:3569: result: gcc
configure:3801: checking for C compiler version
configure:3809: gcc --version >&5
gcc (GCC) 4.8.2 20140120 (Red Hat 4.8.2-15)
Copyright (C) 2013 Free Software Foundation, Inc.
This is free software; see the source for copying conditions.  There is NO
warranty; not even for MERCHANTABILITY or FITNESS FOR A PARTICULAR PURPOSE.

configure:3813: $? = 0
configure:3820: gcc -v >&5
Using built-in specs.
COLLECT_GCC=gcc
COLLECT_LTO_WRAPPER=/opt/gcc/4.8.2/libexec/gcc/x86_64-redhat-linux7E/4.8.2/lto-wrapper
Target: x86_64-redhat-linux7E
Configured with: ../configure --prefix=/opt/gcc/4.8.2 --mandir=/opt/gcc/4.8.2/share/man --infodir=/opt/gcc/4.8.2/share/info --with-bugurl=http://bugzilla.redhat.com/bugzilla --enable-bootstrap --enable-shared --enable-threads=posix --enable-checking=release --with-system-zlib --enable-__cxa_atexit --disable-libunwind-exceptions --enable-gnu-unique-object --enable-linker-build-id --enable-languages=c,c++,fortran,lto --enable-plugin --with-linker-hash-style=gnu --disable-initfini-array --disable-libgcj --with-isl=/home/hollowec/rpmbuild/BUILD/gcc-4.8.2-20140120/obj-x86_64-redhat-linux7E/isl-install --with-cloog=/home/hollowec/rpmbuild/BUILD/gcc-4.8.2-20140120/obj-x86_64-redhat-linux7E/cloog-install --with-mpc=/home/hollowec/rpmbuild/BUILD/gcc-4.8.2-20140120/obj-x86_64-redhat-linux7E/mpc-install --with-tune=generic --with-arch_32=i686 --build=x86_64-redhat-linux7E
Thread model: posix
gcc version 4.8.2 20140120 (Red Hat 4.8.2-15) (GCC) 
configure:3824: $? = 0
configure:3831: gcc -V >&5
gcc: error: unrecognized command line option '-V'
gcc: fatal error: no input files
compilation terminated.
configure:3835: $? = 4
configure:3838: checking whether we are using the GNU C compiler
configure:3867: gcc -c   conftest.c >&5
configure:3874: $? = 0
configure:3891: result: yes
configure:3900: checking whether gcc accepts -g
configure:3930: gcc -c -g  conftest.c >&5
configure:3937: $? = 0
configure:4038: result: yes
configure:4055: checking for gcc option to accept ISO C89
configure:4129: gcc  -c -g -O2  conftest.c >&5
configure:4136: $? = 0
configure:4159: result: none needed
configure:4179: checking dependency style of gcc
configure:4289: result: gcc3
configure:4304: checking for a sed that does not truncate output
configure:4370: result: /bin/sed
configure:4388: checking for grep that handles long lines and -e
configure:4448: result: /bin/grep
configure:4453: checking for egrep
configure:4517: result: /bin/grep -E
configure:4522: checking for fgrep
configure:4586: result: /bin/grep -F
configure:4621: checking for ld used by gcc
configure:4688: result: /usr/bin/ld
configure:4697: checking if the linker (/usr/bin/ld) is GNU ld
configure:4712: result: yes
configure:4724: checking for BSD- or MS-compatible name lister (nm)
configure:4773: result: /usr/bin/nm -B
configure:4891: checking the name lister (/usr/bin/nm -B) interface
configure:4898: gcc -c -g -O2  conftest.c >&5
configure:4901: /usr/bin/nm -B "conftest.o"
configure:4904: output
0000000000000000 B some_variable
configure:4911: result: BSD nm
configure:4914: checking whether ln -s works
configure:4918: result: yes
configure:4926: checking the maximum length of command line arguments
configure:5046: result: 1966080
configure:5063: checking whether the shell understands some XSI constructs
configure:5073: result: yes
configure:5077: checking whether the shell understands "+="
configure:5083: result: yes
configure:5118: checking for /usr/bin/ld option to reload object files
configure:5125: result: -r
configure:5194: checking for objdump
configure:5210: found /usr/bin/objdump
configure:5221: result: objdump
configure:5253: checking how to recognize dependent libraries
configure:5449: result: pass_all
configure:5509: checking for ar
configure:5525: found /usr/bin/ar
configure:5536: result: ar
configure:5614: checking for strip
configure:5630: found /usr/bin/strip
configure:5641: result: strip
configure:5713: checking for ranlib
configure:5729: found /usr/bin/ranlib
configure:5740: result: ranlib
configure:5830: checking command to parse /usr/bin/nm -B output from gcc object
configure:5948: gcc -c -g -O2  conftest.c >&5
configure:5951: $? = 0
configure:5955: /usr/bin/nm -B conftest.o \| sed -n -e 's/^.*[	 ]\([ABCDGIRSTW][ABCDGIRSTW]*\)[	 ][	 ]*\([_A-Za-z][_A-Za-z0-9]*\)$/\1 \2 \2/p' \> conftest.nm
configure:5958: $? = 0
configure:6012: gcc -o conftest -g -O2  -Wl,--enable-new-dtags conftest.c conftstm.o >&5
configure:6015: $? = 0
configure:6053: result: ok
configure:6149: gcc -c -g -O2  conftest.c >&5
configure:6152: $? = 0
configure:6920: checking how to run the C preprocessor
configure:6960: gcc -E  conftest.c
configure:6967: $? = 0
configure:6998: gcc -E  conftest.c
conftest.c:10:28: fatal error: ac_nonexistent.h: No such file or directory
 #include <ac_nonexistent.h>
                            ^
compilation terminated.
configure:7005: $? = 1
configure: failed program was:
| /* confdefs.h.  */
| #define PACKAGE_NAME ""
| #define PACKAGE_TARNAME ""
| #define PACKAGE_VERSION ""
| #define PACKAGE_STRING ""
| #define PACKAGE_BUGREPORT ""
| #define PACKAGE "g4hough"
| #define VERSION "1.00"
| /* end confdefs.h.  */
| #include <ac_nonexistent.h>
configure:7038: result: gcc -E
configure:7067: gcc -E  conftest.c
configure:7074: $? = 0
configure:7105: gcc -E  conftest.c
conftest.c:10:28: fatal error: ac_nonexistent.h: No such file or directory
 #include <ac_nonexistent.h>
                            ^
compilation terminated.
configure:7112: $? = 1
configure: failed program was:
| /* confdefs.h.  */
| #define PACKAGE_NAME ""
| #define PACKAGE_TARNAME ""
| #define PACKAGE_VERSION ""
| #define PACKAGE_STRING ""
| #define PACKAGE_BUGREPORT ""
| #define PACKAGE "g4hough"
| #define VERSION "1.00"
| /* end confdefs.h.  */
| #include <ac_nonexistent.h>
configure:7152: checking for ANSI C header files
configure:7182: gcc -c -g -O2  conftest.c >&5
configure:7189: $? = 0
configure:7288: gcc -o conftest -g -O2  -Wl,--enable-new-dtags conftest.c  >&5
configure:7292: $? = 0
configure:7298: ./conftest
configure:7302: $? = 0
configure:7320: result: yes
configure:7344: checking for sys/types.h
configure:7365: gcc -c -g -O2  conftest.c >&5
configure:7372: $? = 0
configure:7389: result: yes
configure:7344: checking for sys/stat.h
configure:7365: gcc -c -g -O2  conftest.c >&5
configure:7372: $? = 0
configure:7389: result: yes
configure:7344: checking for stdlib.h
configure:7365: gcc -c -g -O2  conftest.c >&5
configure:7372: $? = 0
configure:7389: result: yes
configure:7344: checking for string.h
configure:7365: gcc -c -g -O2  conftest.c >&5
configure:7372: $? = 0
configure:7389: result: yes
configure:7344: checking for memory.h
configure:7365: gcc -c -g -O2  conftest.c >&5
configure:7372: $? = 0
configure:7389: result: yes
configure:7344: checking for strings.h
configure:7365: gcc -c -g -O2  conftest.c >&5
configure:7372: $? = 0
configure:7389: result: yes
configure:7344: checking for inttypes.h
configure:7365: gcc -c -g -O2  conftest.c >&5
configure:7372: $? = 0
configure:7389: result: yes
configure:7344: checking for stdint.h
configure:7365: gcc -c -g -O2  conftest.c >&5
configure:7372: $? = 0
configure:7389: result: yes
configure:7344: checking for unistd.h
configure:7365: gcc -c -g -O2  conftest.c >&5
configure:7372: $? = 0
configure:7389: result: yes
configure:7407: checking for dlfcn.h
configure:7428: gcc -c -g -O2  conftest.c >&5
configure:7435: $? = 0
configure:7452: result: yes
configure:7579: checking for C++ compiler version
configure:7587: g++ --version >&5
g++ (GCC) 4.8.2 20140120 (Red Hat 4.8.2-15)
Copyright (C) 2013 Free Software Foundation, Inc.
This is free software; see the source for copying conditions.  There is NO
warranty; not even for MERCHANTABILITY or FITNESS FOR A PARTICULAR PURPOSE.

configure:7591: $? = 0
configure:7598: g++ -v >&5
Using built-in specs.
COLLECT_GCC=g++
COLLECT_LTO_WRAPPER=/opt/gcc/4.8.2/libexec/gcc/x86_64-redhat-linux7E/4.8.2/lto-wrapper
Target: x86_64-redhat-linux7E
Configured with: ../configure --prefix=/opt/gcc/4.8.2 --mandir=/opt/gcc/4.8.2/share/man --infodir=/opt/gcc/4.8.2/share/info --with-bugurl=http://bugzilla.redhat.com/bugzilla --enable-bootstrap --enable-shared --enable-threads=posix --enable-checking=release --with-system-zlib --enable-__cxa_atexit --disable-libunwind-exceptions --enable-gnu-unique-object --enable-linker-build-id --enable-languages=c,c++,fortran,lto --enable-plugin --with-linker-hash-style=gnu --disable-initfini-array --disable-libgcj --with-isl=/home/hollowec/rpmbuild/BUILD/gcc-4.8.2-20140120/obj-x86_64-redhat-linux7E/isl-install --with-cloog=/home/hollowec/rpmbuild/BUILD/gcc-4.8.2-20140120/obj-x86_64-redhat-linux7E/cloog-install --with-mpc=/home/hollowec/rpmbuild/BUILD/gcc-4.8.2-20140120/obj-x86_64-redhat-linux7E/mpc-install --with-tune=generic --with-arch_32=i686 --build=x86_64-redhat-linux7E
Thread model: posix
gcc version 4.8.2 20140120 (Red Hat 4.8.2-15) (GCC) 
configure:7602: $? = 0
configure:7609: g++ -V >&5
g++: error: unrecognized command line option '-V'
g++: fatal error: no input files
compilation terminated.
configure:7613: $? = 4
configure:7616: checking whether we are using the GNU C++ compiler
configure:7669: result: yes
configure:7678: checking whether g++ accepts -g
configure:7816: result: yes
configure:7841: checking dependency style of g++
configure:7951: result: gcc3
configure:7974: checking how to run the C++ preprocessor
configure:8010: g++ -E  conftest.cpp
configure:8017: $? = 0
configure:8048: g++ -E  conftest.cpp
conftest.cpp:21:28: fatal error: ac_nonexistent.h: No such file or directory
 #include <ac_nonexistent.h>
                            ^
compilation terminated.
configure:8055: $? = 1
configure: failed program was:
| /* confdefs.h.  */
| #define PACKAGE_NAME ""
| #define PACKAGE_TARNAME ""
| #define PACKAGE_VERSION ""
| #define PACKAGE_STRING ""
| #define PACKAGE_BUGREPORT ""
| #define PACKAGE "g4hough"
| #define VERSION "1.00"
| #define STDC_HEADERS 1
| #define HAVE_SYS_TYPES_H 1
| #define HAVE_SYS_STAT_H 1
| #define HAVE_STDLIB_H 1
| #define HAVE_STRING_H 1
| #define HAVE_MEMORY_H 1
| #define HAVE_STRINGS_H 1
| #define HAVE_INTTYPES_H 1
| #define HAVE_STDINT_H 1
| #define HAVE_UNISTD_H 1
| #define HAVE_DLFCN_H 1
| /* end confdefs.h.  */
| #include <ac_nonexistent.h>
configure:8088: result: g++ -E
configure:8117: g++ -E  conftest.cpp
configure:8124: $? = 0
configure:8155: g++ -E  conftest.cpp
conftest.cpp:21:28: fatal error: ac_nonexistent.h: No such file or directory
 #include <ac_nonexistent.h>
                            ^
compilation terminated.
configure:8162: $? = 1
configure: failed program was:
| /* confdefs.h.  */
| #define PACKAGE_NAME ""
| #define PACKAGE_TARNAME ""
| #define PACKAGE_VERSION ""
| #define PACKAGE_STRING ""
| #define PACKAGE_BUGREPORT ""
| #define PACKAGE "g4hough"
| #define VERSION "1.00"
| #define STDC_HEADERS 1
| #define HAVE_SYS_TYPES_H 1
| #define HAVE_SYS_STAT_H 1
| #define HAVE_STDLIB_H 1
| #define HAVE_STRING_H 1
| #define HAVE_MEMORY_H 1
| #define HAVE_STRINGS_H 1
| #define HAVE_INTTYPES_H 1
| #define HAVE_STDINT_H 1
| #define HAVE_UNISTD_H 1
| #define HAVE_DLFCN_H 1
| /* end confdefs.h.  */
| #include <ac_nonexistent.h>
configure:8346: checking for objdir
configure:8361: result: .libs
configure:8653: checking if gcc supports -fno-rtti -fno-exceptions
configure:8671: gcc -c -g -O2  -fno-rtti -fno-exceptions conftest.c >&5
cc1: warning: command line option '-fno-rtti' is valid for C++/ObjC++ but not for C [enabled by default]
configure:8675: $? = 0
configure:8688: result: no
configure:8708: checking for gcc option to produce PIC
configure:8980: result: -fPIC -DPIC
configure:8992: checking if gcc PIC flag -fPIC -DPIC works
configure:9010: gcc -c -g -O2  -fPIC -DPIC -DPIC conftest.c >&5
configure:9014: $? = 0
configure:9027: result: yes
configure:9051: checking if gcc static flag -static works
configure:9079: result: no
configure:9094: checking if gcc supports -c -o file.o
configure:9115: gcc -c -g -O2  -o out/conftest2.o conftest.c >&5
configure:9119: $? = 0
configure:9141: result: yes
configure:9149: checking if gcc supports -c -o file.o
configure:9196: result: yes
configure:9229: checking whether the gcc linker (/usr/bin/ld -m elf_x86_64) supports shared libraries
configure:10303: result: yes
configure:10340: checking whether -lc should be explicitly linked in
configure:10345: gcc -c -g -O2  conftest.c >&5
configure:10348: $? = 0
configure:10363: gcc -shared conftest.o  -v -Wl,-soname -Wl,conftest -o conftest 2\>\&1 \| /bin/grep  -lc  \>/dev/null 2\>\&1
configure:10366: $? = 0
configure:10378: result: no
configure:10542: checking dynamic linker characteristics
configure:10985: gcc -o conftest -g -O2  -Wl,--enable-new-dtags -Wl,-rpath -Wl,/foo conftest.c  >&5
configure:10992: $? = 0
configure:11228: result: GNU/Linux ld.so
configure:11330: checking how to hardcode library paths into programs
configure:11355: result: immediate
configure:12188: checking whether stripping libraries is possible
configure:12193: result: yes
configure:12228: checking if libtool supports shared libraries
configure:12230: result: yes
configure:12233: checking whether to build shared libraries
configure:12254: result: yes
configure:12257: checking whether to build static libraries
configure:12261: result: no
configure:12411: checking for ld used by g++
configure:12478: result: /usr/bin/ld -m elf_x86_64
configure:12487: checking if the linker (/usr/bin/ld -m elf_x86_64) is GNU ld
configure:12502: result: yes
configure:12557: checking whether the g++ linker (/usr/bin/ld -m elf_x86_64) supports shared libraries
configure:13532: result: yes
configure:13560: g++ -c -g -O2 -std=c++11  conftest.cpp >&5
configure:13563: $? = 0
configure:13745: checking for g++ option to produce PIC
configure:14062: result: -fPIC -DPIC
configure:14071: checking if g++ PIC flag -fPIC -DPIC works
configure:14089: g++ -c -g -O2 -std=c++11  -fPIC -DPIC -DPIC conftest.cpp >&5
configure:14093: $? = 0
configure:14106: result: yes
configure:14127: checking if g++ static flag -static works
configure:14155: result: no
configure:14167: checking if g++ supports -c -o file.o
configure:14188: g++ -c -g -O2 -std=c++11  -o out/conftest2.o conftest.cpp >&5
configure:14192: $? = 0
configure:14214: result: yes
configure:14219: checking if g++ supports -c -o file.o
configure:14266: result: yes
configure:14296: checking whether the g++ linker (/usr/bin/ld -m elf_x86_64) supports shared libraries
configure:14322: result: yes
configure:14459: checking dynamic linker characteristics
configure:14850: g++ -o conftest -g -O2 -std=c++11  -Wl,--enable-new-dtags -Wl,-rpath -Wl,/foo conftest.cpp  >&5
configure:14857: $? = 0
configure:15093: result: GNU/Linux ld.so
configure:15144: checking how to hardcode library paths into programs
configure:15169: result: immediate
configure:15408: creating ./config.status

## ---------------------- ##
## Running config.status. ##
## ---------------------- ##

This file was extended by config.status, which was
generated by GNU Autoconf 2.63.  Invocation command line was

  CONFIG_FILES    = 
  CONFIG_HEADERS  = 
  CONFIG_LINKS    = 
  CONFIG_COMMANDS = 
  $ ./config.status 

on rcas2079.rcf.bnl.gov

config.status:965: creating Makefile
config.status:1176: executing depfiles commands
config.status:1176: executing libtool commands

## ---------------- ##
## Cache variables. ##
## ---------------- ##

ac_cv_build=x86_64-unknown-linux-gnu
ac_cv_c_compiler_gnu=yes
ac_cv_cxx_compiler_gnu=yes
ac_cv_env_CCC_set=
ac_cv_env_CCC_value=
ac_cv_env_CC_set=
ac_cv_env_CC_value=
ac_cv_env_CFLAGS_set=
ac_cv_env_CFLAGS_value=
ac_cv_env_CPPFLAGS_set=
ac_cv_env_CPPFLAGS_value=
ac_cv_env_CPP_set=
ac_cv_env_CPP_value=
ac_cv_env_CXXCPP_set=
ac_cv_env_CXXCPP_value=
ac_cv_env_CXXFLAGS_set=
ac_cv_env_CXXFLAGS_value=
ac_cv_env_CXX_set=
ac_cv_env_CXX_value=
ac_cv_env_LDFLAGS_set=
ac_cv_env_LDFLAGS_value=
ac_cv_env_LIBS_set=
ac_cv_env_LIBS_value=
ac_cv_env_build_alias_set=
ac_cv_env_build_alias_value=
ac_cv_env_host_alias_set=
ac_cv_env_host_alias_value=
ac_cv_env_target_alias_set=
ac_cv_env_target_alias_value=
ac_cv_header_dlfcn_h=yes
ac_cv_header_inttypes_h=yes
ac_cv_header_memory_h=yes
ac_cv_header_stdc=yes
ac_cv_header_stdint_h=yes
ac_cv_header_stdlib_h=yes
ac_cv_header_string_h=yes
ac_cv_header_strings_h=yes
ac_cv_header_sys_stat_h=yes
ac_cv_header_sys_types_h=yes
ac_cv_header_unistd_h=yes
ac_cv_host=x86_64-unknown-linux-gnu
ac_cv_objext=o
ac_cv_path_EGREP='/bin/grep -E'
ac_cv_path_FGREP='/bin/grep -F'
ac_cv_path_GREP=/bin/grep
ac_cv_path_SED=/bin/sed
ac_cv_path_install='/usr/bin/install -c'
ac_cv_path_mkdir=/bin/mkdir
ac_cv_prog_AWK=gawk
ac_cv_prog_CPP='gcc -E'
ac_cv_prog_CXXCPP='g++ -E'
ac_cv_prog_ac_ct_AR=ar
ac_cv_prog_ac_ct_CC=gcc
ac_cv_prog_ac_ct_CXX=g++
ac_cv_prog_ac_ct_OBJDUMP=objdump
ac_cv_prog_ac_ct_RANLIB=ranlib
ac_cv_prog_ac_ct_STRIP=strip
ac_cv_prog_cc_c89=
ac_cv_prog_cc_g=yes
ac_cv_prog_cxx_g=yes
ac_cv_prog_make_make_set=yes
am_cv_CC_dependencies_compiler_type=gcc3
am_cv_CXX_dependencies_compiler_type=gcc3
lt_cv_deplibs_check_method=pass_all
lt_cv_file_magic_cmd='$MAGIC_CMD'
lt_cv_file_magic_test_file=
lt_cv_ld_reload_flag=-r
lt_cv_nm_interface='BSD nm'
lt_cv_objdir=.libs
lt_cv_path_LD=/usr/bin/ld
lt_cv_path_LDCXX='/usr/bin/ld -m elf_x86_64'
lt_cv_path_NM='/usr/bin/nm -B'
lt_cv_prog_compiler_c_o=yes
lt_cv_prog_compiler_c_o_CXX=yes
lt_cv_prog_compiler_pic_works=yes
lt_cv_prog_compiler_pic_works_CXX=yes
lt_cv_prog_compiler_rtti_exceptions=no
lt_cv_prog_compiler_static_works=no
lt_cv_prog_compiler_static_works_CXX=no
lt_cv_prog_gnu_ld=yes
lt_cv_prog_gnu_ldcxx=yes
lt_cv_sys_global_symbol_pipe='sed -n -e '\''s/^.*[	 ]\([ABCDGIRSTW][ABCDGIRSTW]*\)[	 ][	 ]*\([_A-Za-z][_A-Za-z0-9]*\)$/\1 \2 \2/p'\'''
lt_cv_sys_global_symbol_to_c_name_address='sed -n -e '\''s/^: \([^ ]*\) $/  {\"\1\", (void *) 0},/p'\'' -e '\''s/^[ABCDGIRSTW]* \([^ ]*\) \([^ ]*\)$/  {"\2", (void *) \&\2},/p'\'''
lt_cv_sys_global_symbol_to_c_name_address_lib_prefix='sed -n -e '\''s/^: \([^ ]*\) $/  {\"\1\", (void *) 0},/p'\'' -e '\''s/^[ABCDGIRSTW]* \([^ ]*\) \(lib[^ ]*\)$/  {"\2", (void *) \&\2},/p'\'' -e '\''s/^[ABCDGIRSTW]* \([^ ]*\) \([^ ]*\)$/  {"lib\2", (void *) \&\2},/p'\'''
lt_cv_sys_global_symbol_to_cdecl='sed -n -e '\''s/^T .* \(.*\)$/extern int \1();/p'\'' -e '\''s/^[ABCDGIRSTW]* .* \(.*\)$/extern char \1;/p'\'''
lt_cv_sys_max_cmd_len=1966080

## ----------------- ##
## Output variables. ##
## ----------------- ##

ACLOCAL='${SHELL} /phenix/u/bogui/KalmanPatRec/coresoftware/simulation/g4simulation/g4hough/missing --run aclocal-1.11'
AMDEPBACKSLASH='\'
AMDEP_FALSE='#'
AMDEP_TRUE=''
AMTAR='${SHELL} /phenix/u/bogui/KalmanPatRec/coresoftware/simulation/g4simulation/g4hough/missing --run tar'
AR='ar'
AUTOCONF='${SHELL} /phenix/u/bogui/KalmanPatRec/coresoftware/simulation/g4simulation/g4hough/missing --run autoconf'
AUTOHEADER='${SHELL} /phenix/u/bogui/KalmanPatRec/coresoftware/simulation/g4simulation/g4hough/missing --run autoheader'
AUTOMAKE='${SHELL} /phenix/u/bogui/KalmanPatRec/coresoftware/simulation/g4simulation/g4hough/missing --run automake-1.11'
AWK='gawk'
CC='gcc'
CCDEPMODE='depmode=gcc3'
CFLAGS='-g -O2'
CPP='gcc -E'
CPPFLAGS=''
CXX='g++'
CXXCPP='g++ -E'
CXXDEPMODE='depmode=gcc3'
CXXFLAGS='-g -O2 -std=c++11 -Wall -Werror'
CYGPATH_W='echo'
DEFS='-DPACKAGE_NAME=\"\" -DPACKAGE_TARNAME=\"\" -DPACKAGE_VERSION=\"\" -DPACKAGE_STRING=\"\" -DPACKAGE_BUGREPORT=\"\" -DPACKAGE=\"g4hough\" -DVERSION=\"1.00\" -DSTDC_HEADERS=1 -DHAVE_SYS_TYPES_H=1 -DHAVE_SYS_STAT_H=1 -DHAVE_STDLIB_H=1 -DHAVE_STRING_H=1 -DHAVE_MEMORY_H=1 -DHAVE_STRINGS_H=1 -DHAVE_INTTYPES_H=1 -DHAVE_STDINT_H=1 -DHAVE_UNISTD_H=1 -DHAVE_DLFCN_H=1 -DLT_OBJDIR=\".libs/\"'
DEPDIR='.deps'
DSYMUTIL=''
DUMPBIN=''
ECHO_C=''
ECHO_N='-n'
ECHO_T=''
EGREP='/bin/grep -E'
EXEEXT=''
FGREP='/bin/grep -F'
GREP='/bin/grep'
INSTALL_DATA='${INSTALL} -m 644'
INSTALL_PROGRAM='${INSTALL}'
INSTALL_SCRIPT='${INSTALL}'
INSTALL_STRIP_PROGRAM='$(install_sh) -c -s'
LD='/usr/bin/ld -m elf_x86_64'
LDFLAGS='-Wl,--enable-new-dtags'
LIBOBJS=''
LIBS=''
LIBTOOL='$(SHELL) $(top_builddir)/libtool'
LIPO=''
LN_S='ln -s'
LTLIBOBJS=''
MAKEINFO='${SHELL} /phenix/u/bogui/KalmanPatRec/coresoftware/simulation/g4simulation/g4hough/missing --run makeinfo'
MKDIR_P='/bin/mkdir -p'
NM='/usr/bin/nm -B'
NMEDIT=''
OBJDUMP='objdump'
OBJEXT='o'
OTOOL64=''
OTOOL=''
PACKAGE='g4hough'
PACKAGE_BUGREPORT=''
PACKAGE_NAME=''
PACKAGE_STRING=''
PACKAGE_TARNAME=''
PACKAGE_VERSION=''
PATH_SEPARATOR=':'
RANLIB='ranlib'
SED='/bin/sed'
SET_MAKE=''
SHELL='/bin/sh'
STRIP='strip'
VERSION='1.00'
ac_ct_CC='gcc'
ac_ct_CXX='g++'
ac_ct_DUMPBIN=''
am__EXEEXT_FALSE=''
am__EXEEXT_TRUE='#'
am__fastdepCC_FALSE='#'
am__fastdepCC_TRUE=''
am__fastdepCXX_FALSE='#'
am__fastdepCXX_TRUE=''
am__include='include'
am__isrc=''
am__leading_dot='.'
am__quote=''
am__tar='${AMTAR} chof - "$$tardir"'
am__untar='${AMTAR} xf -'
bindir='${exec_prefix}/bin'
build='x86_64-unknown-linux-gnu'
build_alias=''
build_cpu='x86_64'
build_os='linux-gnu'
build_vendor='unknown'
datadir='${datarootdir}'
datarootdir='${prefix}/share'
docdir='${datarootdir}/doc/${PACKAGE}'
dvidir='${docdir}'
exec_prefix='${prefix}'
host='x86_64-unknown-linux-gnu'
host_alias=''
host_cpu='x86_64'
host_os='linux-gnu'
host_vendor='unknown'
htmldir='${docdir}'
includedir='${prefix}/include'
infodir='${datarootdir}/info'
install_sh='${SHELL} /phenix/u/bogui/KalmanPatRec/coresoftware/simulation/g4simulation/g4hough/install-sh'
libdir='${exec_prefix}/lib'
libexecdir='${exec_prefix}/libexec'
localedir='${datarootdir}/locale'
localstatedir='${prefix}/var'
lt_ECHO='echo'
mandir='${datarootdir}/man'
mkdir_p='/bin/mkdir -p'
oldincludedir='/usr/include'
pdfdir='${docdir}'
prefix='/phenix/u/workarea/bogui/install'
program_transform_name='s,x,x,'
psdir='${docdir}'
sbindir='${exec_prefix}/sbin'
sharedstatedir='${prefix}/com'
sysconfdir='${prefix}/etc'
target_alias=''

## ----------- ##
## confdefs.h. ##
## ----------- ##

#define PACKAGE_NAME ""
#define PACKAGE_TARNAME ""
#define PACKAGE_VERSION ""
#define PACKAGE_STRING ""
#define PACKAGE_BUGREPORT ""
#define PACKAGE "g4hough"
#define VERSION "1.00"
#define STDC_HEADERS 1
#define HAVE_SYS_TYPES_H 1
#define HAVE_SYS_STAT_H 1
#define HAVE_STDLIB_H 1
#define HAVE_STRING_H 1
#define HAVE_MEMORY_H 1
#define HAVE_STRINGS_H 1
#define HAVE_INTTYPES_H 1
#define HAVE_STDINT_H 1
#define HAVE_UNISTD_H 1
#define HAVE_DLFCN_H 1
#define LT_OBJDIR ".libs/"

configure: exit 0

## ---------------------- ##
## Running config.status. ##
## ---------------------- ##

This file was extended by config.status, which was
generated by GNU Autoconf 2.63.  Invocation command line was

  CONFIG_FILES    = 
  CONFIG_HEADERS  = 
  CONFIG_LINKS    = 
  CONFIG_COMMANDS = 
  $ ./config.status Makefile depfiles

on rcas2079.rcf.bnl.gov

config.status:965: creating Makefile
config.status:1176: executing depfiles commands

## ---------------------- ##
## Running config.status. ##
## ---------------------- ##

This file was extended by config.status, which was
generated by GNU Autoconf 2.63.  Invocation command line was

  CONFIG_FILES    = 
  CONFIG_HEADERS  = 
  CONFIG_LINKS    = 
  CONFIG_COMMANDS = 
  $ ./config.status Makefile depfiles

on rcas2079.rcf.bnl.gov

config.status:965: creating Makefile
config.status:1176: executing depfiles commands

## ---------------------- ##
## Running config.status. ##
## ---------------------- ##

This file was extended by config.status, which was
generated by GNU Autoconf 2.63.  Invocation command line was

  CONFIG_FILES    = 
  CONFIG_HEADERS  = 
  CONFIG_LINKS    = 
  CONFIG_COMMANDS = 
  $ ./config.status Makefile depfiles

on rcas2079.rcf.bnl.gov

config.status:965: creating Makefile
config.status:1176: executing depfiles commands

## ---------------------- ##
## Running config.status. ##
## ---------------------- ##

This file was extended by config.status, which was
generated by GNU Autoconf 2.63.  Invocation command line was

  CONFIG_FILES    = 
  CONFIG_HEADERS  = 
  CONFIG_LINKS    = 
  CONFIG_COMMANDS = 
  $ ./config.status Makefile depfiles

on rcas2079.rcf.bnl.gov

config.status:965: creating Makefile
config.status:1176: executing depfiles commands
