This file contains any messages produced by compilers while
running configure, to aid debugging if configure makes a mistake.

It was created by PHGenFit configure 1.00, which was
generated by GNU Autoconf 2.63.  Invocation command line was

  $ ./configure --prefix=/phenix/u/workarea/bogui/install

## --------- ##
## Platform. ##
## --------- ##

hostname = rcas2079.rcf.bnl.gov
uname -m = x86_64
uname -r = 2.6.32-358.18.1.el6.x86_64
uname -s = Linux
uname -v = #1 SMP Tue Aug 27 14:23:09 CDT 2013

/usr/bin/uname -p = unknown
/bin/uname -X     = unknown

/bin/arch              = x86_64
/usr/bin/arch -k       = unknown
/usr/convex/getsysinfo = unknown
/usr/bin/hostinfo      = unknown
/bin/machine           = unknown
/usr/bin/oslevel       = unknown
/bin/universe          = unknown

PATH: /phenix/u/workarea/bogui/install/bin
PATH: /opt/gcc/4.8.2/bin
PATH: /afs/rhic.bnl.gov/x8664_sl6/opt/sphenix/core/geant4.10.02.p02/bin
PATH: /opt/sphenix/utils/bin
PATH: /opt/sphenix/core/bin
PATH: .
PATH: /usr/local/bin
PATH: /bin
PATH: /usr/bin
PATH: /afs/rhic.bnl.gov/sphenix/sys/x8664_sl6/new.3/bin
PATH: /afs/rhic.bnl.gov/sphenix/sys/x8664_sl6/new.3/bin
PATH: /afs/rhic.bnl.gov/sphenix/sys/x8664_sl6/new.3/root/bin
PATH: /afs/rhic.bnl.gov/app/insure-7.4.6/bin
PATH: /afs/rhic.bnl.gov/opt/d-cache/dcap/bin
PATH: /afs/rhic.bnl.gov/app/coverity-7.6.0/bin
PATH: /afs/rhic.bnl.gov/x8664_sl6/opt/sphenix/core/geant4.10.02.p02/bin


## ----------- ##
## Core tests. ##
## ----------- ##

configure:1916: loading site script /opt/sphenix/core/etc/config.site
| # enable c++11 flag by default
| CXXFLAGS="-g -O2 -std=c++11"
| # Allow LD_LIBRARY_PATH to override RPATH
| LDFLAGS='-Wl,--enable-new-dtags'
configure:2079: checking for a BSD-compatible install
configure:2147: result: /usr/bin/install -c
configure:2158: checking whether build environment is sane
configure:2218: result: yes
configure:2359: checking for a thread-safe mkdir -p
configure:2398: result: /bin/mkdir -p
configure:2411: checking for gawk
configure:2427: found /bin/gawk
configure:2438: result: gawk
configure:2449: checking whether make sets $(MAKE)
configure:2471: result: yes
configure:2612: checking for g++
configure:2628: found /opt/gcc/4.8.2/bin/g++
configure:2639: result: g++
configure:2666: checking for C++ compiler version
configure:2674: g++ --version >&5
g++ (GCC) 4.8.2 20140120 (Red Hat 4.8.2-15)
Copyright (C) 2013 Free Software Foundation, Inc.
This is free software; see the source for copying conditions.  There is NO
warranty; not even for MERCHANTABILITY or FITNESS FOR A PARTICULAR PURPOSE.

configure:2678: $? = 0
configure:2685: g++ -v >&5
Using built-in specs.
COLLECT_GCC=g++
COLLECT_LTO_WRAPPER=/opt/gcc/4.8.2/libexec/gcc/x86_64-redhat-linux7E/4.8.2/lto-wrapper
Target: x86_64-redhat-linux7E
Configured with: ../configure --prefix=/opt/gcc/4.8.2 --mandir=/opt/gcc/4.8.2/share/man --infodir=/opt/gcc/4.8.2/share/info --with-bugurl=http://bugzilla.redhat.com/bugzilla --enable-bootstrap --enable-shared --enable-threads=posix --enable-checking=release --with-system-zlib --enable-__cxa_atexit --disable-libunwind-exceptions --enable-gnu-unique-object --enable-linker-build-id --enable-languages=c,c++,fortran,lto --enable-plugin --with-linker-hash-style=gnu --disable-initfini-array --disable-libgcj --with-isl=/home/hollowec/rpmbuild/BUILD/gcc-4.8.2-20140120/obj-x86_64-redhat-linux7E/isl-install --with-cloog=/home/hollowec/rpmbuild/BUILD/gcc-4.8.2-20140120/obj-x86_64-redhat-linux7E/cloog-install --with-mpc=/home/hollowec/rpmbuild/BUILD/gcc-4.8.2-20140120/obj-x86_64-redhat-linux7E/mpc-install --with-tune=generic --with-arch_32=i686 --build=x86_64-redhat-linux7E
Thread model: posix
gcc version 4.8.2 20140120 (Red Hat 4.8.2-15) (GCC) 
configure:2689: $? = 0
configure:2696: g++ -V >&5
g++: error: unrecognized command line option '-V'
g++: fatal error: no input files
compilation terminated.
configure:2700: $? = 4
configure:2723: checking for C++ compiler default output file name
configure:2745: g++ -g -O2 -std=c++11  -Wl,--enable-new-dtags conftest.cpp  >&5
configure:2749: $? = 0
configure:2787: result: a.out
configure:2806: checking whether the C++ compiler works
configure:2816: ./a.out
configure:2820: $? = 0
configure:2839: result: yes
configure:2846: checking whether we are cross compiling
configure:2848: result: no
configure:2851: checking for suffix of executables
configure:2858: g++ -o conftest -g -O2 -std=c++11  -Wl,--enable-new-dtags conftest.cpp  >&5
configure:2862: $? = 0
configure:2888: result: 
configure:2894: checking for suffix of object files
configure:2920: g++ -c -g -O2 -std=c++11  conftest.cpp >&5
configure:2924: $? = 0
configure:2949: result: o
configure:2953: checking whether we are using the GNU C++ compiler
configure:2982: g++ -c -g -O2 -std=c++11  conftest.cpp >&5
configure:2989: $? = 0
configure:3006: result: yes
configure:3015: checking whether g++ accepts -g
configure:3045: g++ -c -g  conftest.cpp >&5
configure:3052: $? = 0
configure:3153: result: yes
configure:3187: checking for style of include used by make
configure:3215: result: GNU
configure:3240: checking dependency style of g++
configure:3350: result: gcc3
configure:3396: checking build system type
configure:3414: result: x86_64-unknown-linux-gnu
configure:3436: checking host system type
configure:3451: result: x86_64-unknown-linux-gnu
configure:3521: checking for gcc
configure:3537: found /opt/gcc/4.8.2/bin/gcc
configure:3548: result: gcc
configure:3780: checking for C compiler version
configure:3788: gcc --version >&5
gcc (GCC) 4.8.2 20140120 (Red Hat 4.8.2-15)
Copyright (C) 2013 Free Software Foundation, Inc.
This is free software; see the source for copying conditions.  There is NO
warranty; not even for MERCHANTABILITY or FITNESS FOR A PARTICULAR PURPOSE.

configure:3792: $? = 0
configure:3799: gcc -v >&5
Using built-in specs.
COLLECT_GCC=gcc
COLLECT_LTO_WRAPPER=/opt/gcc/4.8.2/libexec/gcc/x86_64-redhat-linux7E/4.8.2/lto-wrapper
Target: x86_64-redhat-linux7E
Configured with: ../configure --prefix=/opt/gcc/4.8.2 --mandir=/opt/gcc/4.8.2/share/man --infodir=/opt/gcc/4.8.2/share/info --with-bugurl=http://bugzilla.redhat.com/bugzilla --enable-bootstrap --enable-shared --enable-threads=posix --enable-checking=release --with-system-zlib --enable-__cxa_atexit --disable-libunwind-exceptions --enable-gnu-unique-object --enable-linker-build-id --enable-languages=c,c++,fortran,lto --enable-plugin --with-linker-hash-style=gnu --disable-initfini-array --disable-libgcj --with-isl=/home/hollowec/rpmbuild/BUILD/gcc-4.8.2-20140120/obj-x86_64-redhat-linux7E/isl-install --with-cloog=/home/hollowec/rpmbuild/BUILD/gcc-4.8.2-20140120/obj-x86_64-redhat-linux7E/cloog-install --with-mpc=/home/hollowec/rpmbuild/BUILD/gcc-4.8.2-20140120/obj-x86_64-redhat-linux7E/mpc-install --with-tune=generic --with-arch_32=i686 --build=x86_64-redhat-linux7E
Thread model: posix
gcc version 4.8.2 20140120 (Red Hat 4.8.2-15) (GCC) 
configure:3803: $? = 0
configure:3810: gcc -V >&5
gcc: error: unrecognized command line option '-V'
gcc: fatal error: no input files
compilation terminated.
configure:3814: $? = 4
configure:3817: checking whether we are using the GNU C compiler
configure:3846: gcc -c   conftest.c >&5
configure:3853: $? = 0
configure:3870: result: yes
configure:3879: checking whether gcc accepts -g
configure:3909: gcc -c -g  conftest.c >&5
configure:3916: $? = 0
configure:4017: result: yes
configure:4034: checking for gcc option to accept ISO C89
configure:4108: gcc  -c -g -O2  conftest.c >&5
configure:4115: $? = 0
configure:4138: result: none needed
configure:4158: checking dependency style of gcc
configure:4268: result: gcc3
configure:4283: checking for a sed that does not truncate output
configure:4349: result: /bin/sed
configure:4367: checking for grep that handles long lines and -e
configure:4427: result: /bin/grep
configure:4432: checking for egrep
configure:4496: result: /bin/grep -E
configure:4501: checking for fgrep
configure:4565: result: /bin/grep -F
configure:4600: checking for ld used by gcc
configure:4667: result: /usr/bin/ld
configure:4676: checking if the linker (/usr/bin/ld) is GNU ld
configure:4691: result: yes
configure:4703: checking for BSD- or MS-compatible name lister (nm)
configure:4752: result: /usr/bin/nm -B
configure:4870: checking the name lister (/usr/bin/nm -B) interface
configure:4877: gcc -c -g -O2  conftest.c >&5
configure:4880: /usr/bin/nm -B "conftest.o"
configure:4883: output
0000000000000000 B some_variable
configure:4890: result: BSD nm
configure:4893: checking whether ln -s works
configure:4897: result: yes
configure:4905: checking the maximum length of command line arguments
configure:5025: result: 1966080
configure:5042: checking whether the shell understands some XSI constructs
configure:5052: result: yes
configure:5056: checking whether the shell understands "+="
configure:5062: result: yes
configure:5097: checking for /usr/bin/ld option to reload object files
configure:5104: result: -r
configure:5173: checking for objdump
configure:5189: found /usr/bin/objdump
configure:5200: result: objdump
configure:5232: checking how to recognize dependent libraries
configure:5428: result: pass_all
configure:5488: checking for ar
configure:5504: found /usr/bin/ar
configure:5515: result: ar
configure:5593: checking for strip
configure:5609: found /usr/bin/strip
configure:5620: result: strip
configure:5692: checking for ranlib
configure:5708: found /usr/bin/ranlib
configure:5719: result: ranlib
configure:5809: checking command to parse /usr/bin/nm -B output from gcc object
configure:5927: gcc -c -g -O2  conftest.c >&5
configure:5930: $? = 0
configure:5934: /usr/bin/nm -B conftest.o \| sed -n -e 's/^.*[	 ]\([ABCDGIRSTW][ABCDGIRSTW]*\)[	 ][	 ]*\([_A-Za-z][_A-Za-z0-9]*\)$/\1 \2 \2/p' \> conftest.nm
configure:5937: $? = 0
configure:5991: gcc -o conftest -g -O2  -Wl,--enable-new-dtags conftest.c conftstm.o >&5
configure:5994: $? = 0
configure:6032: result: ok
configure:6128: gcc -c -g -O2  conftest.c >&5
configure:6131: $? = 0
configure:6899: checking how to run the C preprocessor
configure:6939: gcc -E  conftest.c
configure:6946: $? = 0
configure:6977: gcc -E  conftest.c
conftest.c:10:28: fatal error: ac_nonexistent.h: No such file or directory
 #include <ac_nonexistent.h>
                            ^
compilation terminated.
configure:6984: $? = 1
configure: failed program was:
| /* confdefs.h.  */
| #define PACKAGE_NAME "PHGenFit"
| #define PACKAGE_TARNAME "phgenfit"
| #define PACKAGE_VERSION "1.00"
| #define PACKAGE_STRING "PHGenFit 1.00"
| #define PACKAGE_BUGREPORT ""
| #define PACKAGE "phgenfit"
| #define VERSION "1.00"
| /* end confdefs.h.  */
| #include <ac_nonexistent.h>
configure:7017: result: gcc -E
configure:7046: gcc -E  conftest.c
configure:7053: $? = 0
configure:7084: gcc -E  conftest.c
conftest.c:10:28: fatal error: ac_nonexistent.h: No such file or directory
 #include <ac_nonexistent.h>
                            ^
compilation terminated.
configure:7091: $? = 1
configure: failed program was:
| /* confdefs.h.  */
| #define PACKAGE_NAME "PHGenFit"
| #define PACKAGE_TARNAME "phgenfit"
| #define PACKAGE_VERSION "1.00"
| #define PACKAGE_STRING "PHGenFit 1.00"
| #define PACKAGE_BUGREPORT ""
| #define PACKAGE "phgenfit"
| #define VERSION "1.00"
| /* end confdefs.h.  */
| #include <ac_nonexistent.h>
configure:7131: checking for ANSI C header files
configure:7161: gcc -c -g -O2  conftest.c >&5
configure:7168: $? = 0
configure:7267: gcc -o conftest -g -O2  -Wl,--enable-new-dtags conftest.c  >&5
configure:7271: $? = 0
configure:7277: ./conftest
configure:7281: $? = 0
configure:7299: result: yes
configure:7323: checking for sys/types.h
configure:7344: gcc -c -g -O2  conftest.c >&5
configure:7351: $? = 0
configure:7368: result: yes
configure:7323: checking for sys/stat.h
configure:7344: gcc -c -g -O2  conftest.c >&5
configure:7351: $? = 0
configure:7368: result: yes
configure:7323: checking for stdlib.h
configure:7344: gcc -c -g -O2  conftest.c >&5
configure:7351: $? = 0
configure:7368: result: yes
configure:7323: checking for string.h
configure:7344: gcc -c -g -O2  conftest.c >&5
configure:7351: $? = 0
configure:7368: result: yes
configure:7323: checking for memory.h
configure:7344: gcc -c -g -O2  conftest.c >&5
configure:7351: $? = 0
configure:7368: result: yes
configure:7323: checking for strings.h
configure:7344: gcc -c -g -O2  conftest.c >&5
configure:7351: $? = 0
configure:7368: result: yes
configure:7323: checking for inttypes.h
configure:7344: gcc -c -g -O2  conftest.c >&5
configure:7351: $? = 0
configure:7368: result: yes
configure:7323: checking for stdint.h
configure:7344: gcc -c -g -O2  conftest.c >&5
configure:7351: $? = 0
configure:7368: result: yes
configure:7323: checking for unistd.h
configure:7344: gcc -c -g -O2  conftest.c >&5
configure:7351: $? = 0
configure:7368: result: yes
configure:7386: checking for dlfcn.h
configure:7407: gcc -c -g -O2  conftest.c >&5
configure:7414: $? = 0
configure:7431: result: yes
configure:7558: checking for C++ compiler version
configure:7566: g++ --version >&5
g++ (GCC) 4.8.2 20140120 (Red Hat 4.8.2-15)
Copyright (C) 2013 Free Software Foundation, Inc.
This is free software; see the source for copying conditions.  There is NO
warranty; not even for MERCHANTABILITY or FITNESS FOR A PARTICULAR PURPOSE.

configure:7570: $? = 0
configure:7577: g++ -v >&5
Using built-in specs.
COLLECT_GCC=g++
COLLECT_LTO_WRAPPER=/opt/gcc/4.8.2/libexec/gcc/x86_64-redhat-linux7E/4.8.2/lto-wrapper
Target: x86_64-redhat-linux7E
Configured with: ../configure --prefix=/opt/gcc/4.8.2 --mandir=/opt/gcc/4.8.2/share/man --infodir=/opt/gcc/4.8.2/share/info --with-bugurl=http://bugzilla.redhat.com/bugzilla --enable-bootstrap --enable-shared --enable-threads=posix --enable-checking=release --with-system-zlib --enable-__cxa_atexit --disable-libunwind-exceptions --enable-gnu-unique-object --enable-linker-build-id --enable-languages=c,c++,fortran,lto --enable-plugin --with-linker-hash-style=gnu --disable-initfini-array --disable-libgcj --with-isl=/home/hollowec/rpmbuild/BUILD/gcc-4.8.2-20140120/obj-x86_64-redhat-linux7E/isl-install --with-cloog=/home/hollowec/rpmbuild/BUILD/gcc-4.8.2-20140120/obj-x86_64-redhat-linux7E/cloog-install --with-mpc=/home/hollowec/rpmbuild/BUILD/gcc-4.8.2-20140120/obj-x86_64-redhat-linux7E/mpc-install --with-tune=generic --with-arch_32=i686 --build=x86_64-redhat-linux7E
Thread model: posix
gcc version 4.8.2 20140120 (Red Hat 4.8.2-15) (GCC) 
configure:7581: $? = 0
configure:7588: g++ -V >&5
g++: error: unrecognized command line option '-V'
g++: fatal error: no input files
compilation terminated.
configure:7592: $? = 4
configure:7595: checking whether we are using the GNU C++ compiler
configure:7648: result: yes
configure:7657: checking whether g++ accepts -g
configure:7795: result: yes
configure:7820: checking dependency style of g++
configure:7930: result: gcc3
configure:7953: checking how to run the C++ preprocessor
configure:7989: g++ -E  conftest.cpp
configure:7996: $? = 0
configure:8027: g++ -E  conftest.cpp
conftest.cpp:21:28: fatal error: ac_nonexistent.h: No such file or directory
 #include <ac_nonexistent.h>
                            ^
compilation terminated.
configure:8034: $? = 1
configure: failed program was:
| /* confdefs.h.  */
| #define PACKAGE_NAME "PHGenFit"
| #define PACKAGE_TARNAME "phgenfit"
| #define PACKAGE_VERSION "1.00"
| #define PACKAGE_STRING "PHGenFit 1.00"
| #define PACKAGE_BUGREPORT ""
| #define PACKAGE "phgenfit"
| #define VERSION "1.00"
| #define STDC_HEADERS 1
| #define HAVE_SYS_TYPES_H 1
| #define HAVE_SYS_STAT_H 1
| #define HAVE_STDLIB_H 1
| #define HAVE_STRING_H 1
| #define HAVE_MEMORY_H 1
| #define HAVE_STRINGS_H 1
| #define HAVE_INTTYPES_H 1
| #define HAVE_STDINT_H 1
| #define HAVE_UNISTD_H 1
| #define HAVE_DLFCN_H 1
| /* end confdefs.h.  */
| #include <ac_nonexistent.h>
configure:8067: result: g++ -E
configure:8096: g++ -E  conftest.cpp
configure:8103: $? = 0
configure:8134: g++ -E  conftest.cpp
conftest.cpp:21:28: fatal error: ac_nonexistent.h: No such file or directory
 #include <ac_nonexistent.h>
                            ^
compilation terminated.
configure:8141: $? = 1
configure: failed program was:
| /* confdefs.h.  */
| #define PACKAGE_NAME "PHGenFit"
| #define PACKAGE_TARNAME "phgenfit"
| #define PACKAGE_VERSION "1.00"
| #define PACKAGE_STRING "PHGenFit 1.00"
| #define PACKAGE_BUGREPORT ""
| #define PACKAGE "phgenfit"
| #define VERSION "1.00"
| #define STDC_HEADERS 1
| #define HAVE_SYS_TYPES_H 1
| #define HAVE_SYS_STAT_H 1
| #define HAVE_STDLIB_H 1
| #define HAVE_STRING_H 1
| #define HAVE_MEMORY_H 1
| #define HAVE_STRINGS_H 1
| #define HAVE_INTTYPES_H 1
| #define HAVE_STDINT_H 1
| #define HAVE_UNISTD_H 1
| #define HAVE_DLFCN_H 1
| /* end confdefs.h.  */
| #include <ac_nonexistent.h>
configure:8354: checking for objdir
configure:8369: result: .libs
configure:8661: checking if gcc supports -fno-rtti -fno-exceptions
configure:8679: gcc -c -g -O2  -fno-rtti -fno-exceptions conftest.c >&5
cc1: warning: command line option '-fno-rtti' is valid for C++/ObjC++ but not for C [enabled by default]
configure:8683: $? = 0
configure:8696: result: no
configure:8716: checking for gcc option to produce PIC
configure:8988: result: -fPIC -DPIC
configure:9000: checking if gcc PIC flag -fPIC -DPIC works
configure:9018: gcc -c -g -O2  -fPIC -DPIC -DPIC conftest.c >&5
configure:9022: $? = 0
configure:9035: result: yes
configure:9059: checking if gcc static flag -static works
configure:9087: result: no
configure:9102: checking if gcc supports -c -o file.o
configure:9123: gcc -c -g -O2  -o out/conftest2.o conftest.c >&5
configure:9127: $? = 0
configure:9149: result: yes
configure:9157: checking if gcc supports -c -o file.o
configure:9204: result: yes
configure:9237: checking whether the gcc linker (/usr/bin/ld -m elf_x86_64) supports shared libraries
configure:10311: result: yes
configure:10348: checking whether -lc should be explicitly linked in
configure:10353: gcc -c -g -O2  conftest.c >&5
configure:10356: $? = 0
configure:10371: gcc -shared conftest.o  -v -Wl,-soname -Wl,conftest -o conftest 2\>\&1 \| /bin/grep  -lc  \>/dev/null 2\>\&1
configure:10374: $? = 0
configure:10386: result: no
configure:10550: checking dynamic linker characteristics
configure:10993: gcc -o conftest -g -O2  -Wl,--enable-new-dtags -Wl,-rpath -Wl,/foo conftest.c  >&5
configure:11000: $? = 0
configure:11236: result: GNU/Linux ld.so
configure:11338: checking how to hardcode library paths into programs
configure:11363: result: immediate
configure:12196: checking whether stripping libraries is possible
configure:12201: result: yes
configure:12236: checking if libtool supports shared libraries
configure:12238: result: yes
configure:12241: checking whether to build shared libraries
configure:12262: result: yes
configure:12265: checking whether to build static libraries
configure:12269: result: no
configure:12419: checking for ld used by g++
configure:12486: result: /usr/bin/ld -m elf_x86_64
configure:12495: checking if the linker (/usr/bin/ld -m elf_x86_64) is GNU ld
configure:12510: result: yes
configure:12565: checking whether the g++ linker (/usr/bin/ld -m elf_x86_64) supports shared libraries
configure:13540: result: yes
configure:13568: g++ -c -g -O2 -std=c++11  conftest.cpp >&5
configure:13571: $? = 0
configure:13753: checking for g++ option to produce PIC
configure:14070: result: -fPIC -DPIC
configure:14079: checking if g++ PIC flag -fPIC -DPIC works
configure:14097: g++ -c -g -O2 -std=c++11  -fPIC -DPIC -DPIC conftest.cpp >&5
configure:14101: $? = 0
configure:14114: result: yes
configure:14135: checking if g++ static flag -static works
configure:14163: result: no
configure:14175: checking if g++ supports -c -o file.o
configure:14196: g++ -c -g -O2 -std=c++11  -o out/conftest2.o conftest.cpp >&5
configure:14200: $? = 0
configure:14222: result: yes
configure:14227: checking if g++ supports -c -o file.o
configure:14274: result: yes
configure:14304: checking whether the g++ linker (/usr/bin/ld -m elf_x86_64) supports shared libraries
configure:14330: result: yes
configure:14467: checking dynamic linker characteristics
configure:14858: g++ -o conftest -g -O2 -std=c++11  -Wl,--enable-new-dtags -Wl,-rpath -Wl,/foo conftest.cpp  >&5
configure:14865: $? = 0
configure:15101: result: GNU/Linux ld.so
configure:15152: checking how to hardcode library paths into programs
configure:15177: result: immediate
configure:15416: creating ./config.status

## ---------------------- ##
## Running config.status. ##
## ---------------------- ##

This file was extended by PHGenFit config.status 1.00, which was
generated by GNU Autoconf 2.63.  Invocation command line was

  CONFIG_FILES    = 
  CONFIG_HEADERS  = 
  CONFIG_LINKS    = 
  CONFIG_COMMANDS = 
  $ ./config.status 

on rcas2079.rcf.bnl.gov

config.status:965: creating Makefile
config.status:1176: executing depfiles commands
config.status:1176: executing libtool commands

## ---------------- ##
## Cache variables. ##
## ---------------- ##

ac_cv_build=x86_64-unknown-linux-gnu
ac_cv_c_compiler_gnu=yes
ac_cv_cxx_compiler_gnu=yes
ac_cv_env_CCC_set=
ac_cv_env_CCC_value=
ac_cv_env_CC_set=
ac_cv_env_CC_value=
ac_cv_env_CFLAGS_set=
ac_cv_env_CFLAGS_value=
ac_cv_env_CPPFLAGS_set=
ac_cv_env_CPPFLAGS_value=
ac_cv_env_CPP_set=
ac_cv_env_CPP_value=
ac_cv_env_CXXCPP_set=
ac_cv_env_CXXCPP_value=
ac_cv_env_CXXFLAGS_set=
ac_cv_env_CXXFLAGS_value=
ac_cv_env_CXX_set=
ac_cv_env_CXX_value=
ac_cv_env_LDFLAGS_set=
ac_cv_env_LDFLAGS_value=
ac_cv_env_LIBS_set=
ac_cv_env_LIBS_value=
ac_cv_env_build_alias_set=
ac_cv_env_build_alias_value=
ac_cv_env_host_alias_set=
ac_cv_env_host_alias_value=
ac_cv_env_target_alias_set=
ac_cv_env_target_alias_value=
ac_cv_header_dlfcn_h=yes
ac_cv_header_inttypes_h=yes
ac_cv_header_memory_h=yes
ac_cv_header_stdc=yes
ac_cv_header_stdint_h=yes
ac_cv_header_stdlib_h=yes
ac_cv_header_string_h=yes
ac_cv_header_strings_h=yes
ac_cv_header_sys_stat_h=yes
ac_cv_header_sys_types_h=yes
ac_cv_header_unistd_h=yes
ac_cv_host=x86_64-unknown-linux-gnu
ac_cv_objext=o
ac_cv_path_EGREP='/bin/grep -E'
ac_cv_path_FGREP='/bin/grep -F'
ac_cv_path_GREP=/bin/grep
ac_cv_path_SED=/bin/sed
ac_cv_path_install='/usr/bin/install -c'
ac_cv_path_mkdir=/bin/mkdir
ac_cv_prog_AWK=gawk
ac_cv_prog_CPP='gcc -E'
ac_cv_prog_CXXCPP='g++ -E'
ac_cv_prog_ac_ct_AR=ar
ac_cv_prog_ac_ct_CC=gcc
ac_cv_prog_ac_ct_CXX=g++
ac_cv_prog_ac_ct_OBJDUMP=objdump
ac_cv_prog_ac_ct_RANLIB=ranlib
ac_cv_prog_ac_ct_STRIP=strip
ac_cv_prog_cc_c89=
ac_cv_prog_cc_g=yes
ac_cv_prog_cxx_g=yes
ac_cv_prog_make_make_set=yes
am_cv_CC_dependencies_compiler_type=gcc3
am_cv_CXX_dependencies_compiler_type=gcc3
lt_cv_deplibs_check_method=pass_all
lt_cv_file_magic_cmd='$MAGIC_CMD'
lt_cv_file_magic_test_file=
lt_cv_ld_reload_flag=-r
lt_cv_nm_interface='BSD nm'
lt_cv_objdir=.libs
lt_cv_path_LD=/usr/bin/ld
lt_cv_path_LDCXX='/usr/bin/ld -m elf_x86_64'
lt_cv_path_NM='/usr/bin/nm -B'
lt_cv_prog_compiler_c_o=yes
lt_cv_prog_compiler_c_o_CXX=yes
lt_cv_prog_compiler_pic_works=yes
lt_cv_prog_compiler_pic_works_CXX=yes
lt_cv_prog_compiler_rtti_exceptions=no
lt_cv_prog_compiler_static_works=no
lt_cv_prog_compiler_static_works_CXX=no
lt_cv_prog_gnu_ld=yes
lt_cv_prog_gnu_ldcxx=yes
lt_cv_sys_global_symbol_pipe='sed -n -e '\''s/^.*[	 ]\([ABCDGIRSTW][ABCDGIRSTW]*\)[	 ][	 ]*\([_A-Za-z][_A-Za-z0-9]*\)$/\1 \2 \2/p'\'''
lt_cv_sys_global_symbol_to_c_name_address='sed -n -e '\''s/^: \([^ ]*\) $/  {\"\1\", (void *) 0},/p'\'' -e '\''s/^[ABCDGIRSTW]* \([^ ]*\) \([^ ]*\)$/  {"\2", (void *) \&\2},/p'\'''
lt_cv_sys_global_symbol_to_c_name_address_lib_prefix='sed -n -e '\''s/^: \([^ ]*\) $/  {\"\1\", (void *) 0},/p'\'' -e '\''s/^[ABCDGIRSTW]* \([^ ]*\) \(lib[^ ]*\)$/  {"\2", (void *) \&\2},/p'\'' -e '\''s/^[ABCDGIRSTW]* \([^ ]*\) \([^ ]*\)$/  {"lib\2", (void *) \&\2},/p'\'''
lt_cv_sys_global_symbol_to_cdecl='sed -n -e '\''s/^T .* \(.*\)$/extern int \1();/p'\'' -e '\''s/^[ABCDGIRSTW]* .* \(.*\)$/extern char \1;/p'\'''
lt_cv_sys_max_cmd_len=1966080

## ----------------- ##
## Output variables. ##
## ----------------- ##

ACLOCAL='${SHELL} /phenix/u/bogui/KalmanPatRec/coresoftware/offline/packages/PHGenFitPkg/PHGenFit/missing --run aclocal-1.11'
AMDEPBACKSLASH='\'
AMDEP_FALSE='#'
AMDEP_TRUE=''
AMTAR='${SHELL} /phenix/u/bogui/KalmanPatRec/coresoftware/offline/packages/PHGenFitPkg/PHGenFit/missing --run tar'
AR='ar'
AUTOCONF='${SHELL} /phenix/u/bogui/KalmanPatRec/coresoftware/offline/packages/PHGenFitPkg/PHGenFit/missing --run autoconf'
AUTOHEADER='${SHELL} /phenix/u/bogui/KalmanPatRec/coresoftware/offline/packages/PHGenFitPkg/PHGenFit/missing --run autoheader'
AUTOMAKE='${SHELL} /phenix/u/bogui/KalmanPatRec/coresoftware/offline/packages/PHGenFitPkg/PHGenFit/missing --run automake-1.11'
AWK='gawk'
CC='gcc'
CCDEPMODE='depmode=gcc3'
CFLAGS='-g -O2'
CPP='gcc -E'
CPPFLAGS=''
CXX='g++'
CXXCPP='g++ -E'
CXXDEPMODE='depmode=gcc3'
CXXFLAGS='-g -O2 -std=c++11 -Wall -Werror'
CYGPATH_W='echo'
DEFS='-DPACKAGE_NAME=\"PHGenFit\" -DPACKAGE_TARNAME=\"phgenfit\" -DPACKAGE_VERSION=\"1.00\" -DPACKAGE_STRING=\"PHGenFit\ 1.00\" -DPACKAGE_BUGREPORT=\"\" -DPACKAGE=\"phgenfit\" -DVERSION=\"1.00\" -DSTDC_HEADERS=1 -DHAVE_SYS_TYPES_H=1 -DHAVE_SYS_STAT_H=1 -DHAVE_STDLIB_H=1 -DHAVE_STRING_H=1 -DHAVE_MEMORY_H=1 -DHAVE_STRINGS_H=1 -DHAVE_INTTYPES_H=1 -DHAVE_STDINT_H=1 -DHAVE_UNISTD_H=1 -DHAVE_DLFCN_H=1 -DLT_OBJDIR=\".libs/\"'
DEPDIR='.deps'
DSYMUTIL=''
DUMPBIN=''
ECHO_C=''
ECHO_N='-n'
ECHO_T=''
EGREP='/bin/grep -E'
EXEEXT=''
FGREP='/bin/grep -F'
GREP='/bin/grep'
INSTALL_DATA='${INSTALL} -m 644'
INSTALL_PROGRAM='${INSTALL}'
INSTALL_SCRIPT='${INSTALL}'
INSTALL_STRIP_PROGRAM='$(install_sh) -c -s'
LD='/usr/bin/ld -m elf_x86_64'
LDFLAGS='-Wl,--enable-new-dtags'
LIBOBJS=''
LIBS=''
LIBTOOL='$(SHELL) $(top_builddir)/libtool'
LIPO=''
LN_S='ln -s'
LTLIBOBJS=''
MAKEINFO='${SHELL} /phenix/u/bogui/KalmanPatRec/coresoftware/offline/packages/PHGenFitPkg/PHGenFit/missing --run makeinfo'
MKDIR_P='/bin/mkdir -p'
NM='/usr/bin/nm -B'
NMEDIT=''
OBJDUMP='objdump'
OBJEXT='o'
OTOOL64=''
OTOOL=''
PACKAGE='phgenfit'
PACKAGE_BUGREPORT=''
PACKAGE_NAME='PHGenFit'
PACKAGE_STRING='PHGenFit 1.00'
PACKAGE_TARNAME='phgenfit'
PACKAGE_VERSION='1.00'
PATH_SEPARATOR=':'
RANLIB='ranlib'
SED='/bin/sed'
SET_MAKE=''
SHELL='/bin/sh'
STRIP='strip'
VERSION='1.00'
ac_ct_CC='gcc'
ac_ct_CXX='g++'
ac_ct_DUMPBIN=''
am__EXEEXT_FALSE=''
am__EXEEXT_TRUE='#'
am__fastdepCC_FALSE='#'
am__fastdepCC_TRUE=''
am__fastdepCXX_FALSE='#'
am__fastdepCXX_TRUE=''
am__include='include'
am__isrc=''
am__leading_dot='.'
am__quote=''
am__tar='${AMTAR} chof - "$$tardir"'
am__untar='${AMTAR} xf -'
bindir='${exec_prefix}/bin'
build='x86_64-unknown-linux-gnu'
build_alias=''
build_cpu='x86_64'
build_os='linux-gnu'
build_vendor='unknown'
datadir='${datarootdir}'
datarootdir='${prefix}/share'
docdir='${datarootdir}/doc/${PACKAGE_TARNAME}'
dvidir='${docdir}'
exec_prefix='${prefix}'
host='x86_64-unknown-linux-gnu'
host_alias=''
host_cpu='x86_64'
host_os='linux-gnu'
host_vendor='unknown'
htmldir='${docdir}'
includedir='${prefix}/include'
infodir='${datarootdir}/info'
install_sh='${SHELL} /phenix/u/bogui/KalmanPatRec/coresoftware/offline/packages/PHGenFitPkg/PHGenFit/install-sh'
libdir='${exec_prefix}/lib'
libexecdir='${exec_prefix}/libexec'
localedir='${datarootdir}/locale'
localstatedir='${prefix}/var'
lt_ECHO='echo'
mandir='${datarootdir}/man'
mkdir_p='/bin/mkdir -p'
oldincludedir='/usr/include'
pdfdir='${docdir}'
prefix='/phenix/u/workarea/bogui/install'
program_transform_name='s,x,x,'
psdir='${docdir}'
sbindir='${exec_prefix}/sbin'
sharedstatedir='${prefix}/com'
sysconfdir='${prefix}/etc'
target_alias=''

## ----------- ##
## confdefs.h. ##
## ----------- ##

#define PACKAGE_NAME "PHGenFit"
#define PACKAGE_TARNAME "phgenfit"
#define PACKAGE_VERSION "1.00"
#define PACKAGE_STRING "PHGenFit 1.00"
#define PACKAGE_BUGREPORT ""
#define PACKAGE "phgenfit"
#define VERSION "1.00"
#define STDC_HEADERS 1
#define HAVE_SYS_TYPES_H 1
#define HAVE_SYS_STAT_H 1
#define HAVE_STDLIB_H 1
#define HAVE_STRING_H 1
#define HAVE_MEMORY_H 1
#define HAVE_STRINGS_H 1
#define HAVE_INTTYPES_H 1
#define HAVE_STDINT_H 1
#define HAVE_UNISTD_H 1
#define HAVE_DLFCN_H 1
#define LT_OBJDIR ".libs/"

configure: exit 0
