This file contains any messages produced by compilers while
running configure, to aid debugging if configure makes a mistake.

It was created by g4tpc configure 1.00, which was
generated by GNU Autoconf 2.69.  Invocation command line was

  $ ../configure --prefix=/direct/sphenix+u/dstewart/install

## --------- ##
## Platform. ##
## --------- ##

hostname = sphnx01.sdcc.bnl.gov
uname -m = x86_64
uname -r = 3.10.0-957.12.2.el7.x86_64
uname -s = Linux
uname -v = #1 SMP Tue May 14 15:23:27 CDT 2019

/usr/bin/uname -p = x86_64
/bin/uname -X     = unknown

/bin/arch              = x86_64
/usr/bin/arch -k       = unknown
/usr/convex/getsysinfo = unknown
/usr/bin/hostinfo      = unknown
/bin/machine           = unknown
/usr/bin/oslevel       = unknown
/bin/universe          = unknown

PATH: .
PATH: /sphenix/u/dstewart/bin
PATH: /cvmfs/sphenix.sdcc.bnl.gov/gcc-8.3/opt/sphenix/core/gcc/8.3.0.1-0a5ad/x86_64-centos7/bin
PATH: /cvmfs/sphenix.sdcc.bnl.gov/gcc-8.3/opt/sphenix/core/binutils/2.30-e5b21/x86_64-centos7/bin
PATH: .
PATH: /cvmfs/sphenix.sdcc.bnl.gov/gcc-8.3/release/release_new/new.1/bin
PATH: /cvmfs/sphenix.sdcc.bnl.gov/gcc-8.3/opt/sphenix/utils/bin
PATH: /cvmfs/sphenix.sdcc.bnl.gov/gcc-8.3/opt/sphenix/core/bin
PATH: /cvmfs/sphenix.sdcc.bnl.gov/gcc-8.3/opt/sphenix/core/root-6.24.06/bin
PATH: /cvmfs/sphenix.sdcc.bnl.gov/gcc-8.3/opt/sphenix/core/geant4.10.07.p03/bin
PATH: /afs/rhic.bnl.gov/app/insure-7.5.5/bin
PATH: /afs/rhic.bnl.gov/app/coverity-2021.12/bin
PATH: /usr/local/bin
PATH: /usr/bin
PATH: /usr/local/sbin
PATH: /usr/sbin


## ----------- ##
## Core tests. ##
## ----------- ##

configure:2151: loading site script /cvmfs/sphenix.sdcc.bnl.gov/gcc-8.3/opt/sphenix/core/etc/config.site
| # enable c++17 flag by default
| CXXFLAGS="-g -O2 -std=c++17"
| # Allow LD_LIBRARY_PATH to override RPATH
| LDFLAGS='-Wl,--enable-new-dtags'
configure:2293: checking for a BSD-compatible install
configure:2361: result: /usr/bin/install -c
configure:2372: checking whether build environment is sane
configure:2427: result: yes
configure:2578: checking for a thread-safe mkdir -p
configure:2617: result: /usr/bin/mkdir -p
configure:2624: checking for gawk
configure:2640: found /usr/bin/gawk
configure:2651: result: gawk
configure:2662: checking whether make sets $(MAKE)
configure:2684: result: yes
configure:2713: checking whether make supports nested variables
configure:2730: result: yes
configure:2927: checking for C++ compiler version
configure:2936: /cvmfs/sphenix.sdcc.bnl.gov/gcc-8.3/opt/sphenix/core/gcc/8.3.0.1-0a5ad/x86_64-centos7/bin/g++ --version >&5
g++ (GCC) 8.3.0
Copyright (C) 2018 Free Software Foundation, Inc.
This is free software; see the source for copying conditions.  There is NO
warranty; not even for MERCHANTABILITY or FITNESS FOR A PARTICULAR PURPOSE.

configure:2947: $? = 0
configure:2936: /cvmfs/sphenix.sdcc.bnl.gov/gcc-8.3/opt/sphenix/core/gcc/8.3.0.1-0a5ad/x86_64-centos7/bin/g++ -v >&5
Using built-in specs.
COLLECT_GCC=/cvmfs/sphenix.sdcc.bnl.gov/gcc-8.3/opt/sphenix/core/gcc/8.3.0.1-0a5ad/x86_64-centos7/bin/g++
COLLECT_LTO_WRAPPER=/cvmfs/sphenix.sdcc.bnl.gov/gcc-8.3/opt/sphenix/core/gcc/8.3.0.1-0a5ad/x86_64-centos7/bin/../libexec/gcc/x86_64-pc-linux-gnu/8.3.0/lto-wrapper
Target: x86_64-pc-linux-gnu
Configured with: /tmp/dkonst/build/contrib/gcc-8.3.0.1/src/gcc/8.3.0.1/configure --prefix=/tmp/dkonst/lcgcmake-install/gcc/8.3.0.1/x86_64-centos7 -with-system-zlib --disable-multilib --enable-languages=all --with-gnu-ld --with-gnu-as
Thread model: posix
gcc version 8.3.0 (GCC) 
configure:2947: $? = 0
configure:2936: /cvmfs/sphenix.sdcc.bnl.gov/gcc-8.3/opt/sphenix/core/gcc/8.3.0.1-0a5ad/x86_64-centos7/bin/g++ -V >&5
g++: error: unrecognized command line option '-V'
g++: fatal error: no input files
compilation terminated.
configure:2947: $? = 1
configure:2936: /cvmfs/sphenix.sdcc.bnl.gov/gcc-8.3/opt/sphenix/core/gcc/8.3.0.1-0a5ad/x86_64-centos7/bin/g++ -qversion >&5
g++: error: unrecognized command line option '-qversion'; did you mean '--version'?
g++: fatal error: no input files
compilation terminated.
configure:2947: $? = 1
configure:2967: checking whether the C++ compiler works
configure:2989: /cvmfs/sphenix.sdcc.bnl.gov/gcc-8.3/opt/sphenix/core/gcc/8.3.0.1-0a5ad/x86_64-centos7/bin/g++ -g -O2 -std=c++17  -Wl,--enable-new-dtags conftest.cpp  >&5
configure:2993: $? = 0
configure:3041: result: yes
configure:3044: checking for C++ compiler default output file name
configure:3046: result: a.out
configure:3052: checking for suffix of executables
configure:3059: /cvmfs/sphenix.sdcc.bnl.gov/gcc-8.3/opt/sphenix/core/gcc/8.3.0.1-0a5ad/x86_64-centos7/bin/g++ -o conftest -g -O2 -std=c++17  -Wl,--enable-new-dtags conftest.cpp  >&5
configure:3063: $? = 0
configure:3085: result: 
configure:3107: checking whether we are cross compiling
configure:3115: /cvmfs/sphenix.sdcc.bnl.gov/gcc-8.3/opt/sphenix/core/gcc/8.3.0.1-0a5ad/x86_64-centos7/bin/g++ -o conftest -g -O2 -std=c++17  -Wl,--enable-new-dtags conftest.cpp  >&5
configure:3119: $? = 0
configure:3126: ./conftest
configure:3130: $? = 0
configure:3145: result: no
configure:3150: checking for suffix of object files
configure:3172: /cvmfs/sphenix.sdcc.bnl.gov/gcc-8.3/opt/sphenix/core/gcc/8.3.0.1-0a5ad/x86_64-centos7/bin/g++ -c -g -O2 -std=c++17  conftest.cpp >&5
configure:3176: $? = 0
configure:3197: result: o
configure:3201: checking whether we are using the GNU C++ compiler
configure:3220: /cvmfs/sphenix.sdcc.bnl.gov/gcc-8.3/opt/sphenix/core/gcc/8.3.0.1-0a5ad/x86_64-centos7/bin/g++ -c -g -O2 -std=c++17  conftest.cpp >&5
configure:3220: $? = 0
configure:3229: result: yes
configure:3238: checking whether /cvmfs/sphenix.sdcc.bnl.gov/gcc-8.3/opt/sphenix/core/gcc/8.3.0.1-0a5ad/x86_64-centos7/bin/g++ accepts -g
configure:3258: /cvmfs/sphenix.sdcc.bnl.gov/gcc-8.3/opt/sphenix/core/gcc/8.3.0.1-0a5ad/x86_64-centos7/bin/g++ -c -g  conftest.cpp >&5
configure:3258: $? = 0
configure:3299: result: yes
configure:3333: checking for style of include used by make
configure:3361: result: GNU
configure:3387: checking dependency style of /cvmfs/sphenix.sdcc.bnl.gov/gcc-8.3/opt/sphenix/core/gcc/8.3.0.1-0a5ad/x86_64-centos7/bin/g++
configure:3498: result: gcc3
configure:3542: checking build system type
configure:3556: result: x86_64-unknown-linux-gnu
configure:3576: checking host system type
configure:3589: result: x86_64-unknown-linux-gnu
configure:3630: checking how to print strings
configure:3657: result: printf
configure:3726: checking for gcc
configure:3753: result: /cvmfs/sphenix.sdcc.bnl.gov/gcc-8.3/opt/sphenix/core/gcc/8.3.0.1-0a5ad/x86_64-centos7/bin/gcc
configure:3982: checking for C compiler version
configure:3991: /cvmfs/sphenix.sdcc.bnl.gov/gcc-8.3/opt/sphenix/core/gcc/8.3.0.1-0a5ad/x86_64-centos7/bin/gcc --version >&5
gcc (GCC) 8.3.0
Copyright (C) 2018 Free Software Foundation, Inc.
This is free software; see the source for copying conditions.  There is NO
warranty; not even for MERCHANTABILITY or FITNESS FOR A PARTICULAR PURPOSE.

configure:4002: $? = 0
configure:3991: /cvmfs/sphenix.sdcc.bnl.gov/gcc-8.3/opt/sphenix/core/gcc/8.3.0.1-0a5ad/x86_64-centos7/bin/gcc -v >&5
Using built-in specs.
COLLECT_GCC=/cvmfs/sphenix.sdcc.bnl.gov/gcc-8.3/opt/sphenix/core/gcc/8.3.0.1-0a5ad/x86_64-centos7/bin/gcc
COLLECT_LTO_WRAPPER=/cvmfs/sphenix.sdcc.bnl.gov/gcc-8.3/opt/sphenix/core/gcc/8.3.0.1-0a5ad/x86_64-centos7/bin/../libexec/gcc/x86_64-pc-linux-gnu/8.3.0/lto-wrapper
Target: x86_64-pc-linux-gnu
Configured with: /tmp/dkonst/build/contrib/gcc-8.3.0.1/src/gcc/8.3.0.1/configure --prefix=/tmp/dkonst/lcgcmake-install/gcc/8.3.0.1/x86_64-centos7 -with-system-zlib --disable-multilib --enable-languages=all --with-gnu-ld --with-gnu-as
Thread model: posix
gcc version 8.3.0 (GCC) 
configure:4002: $? = 0
configure:3991: /cvmfs/sphenix.sdcc.bnl.gov/gcc-8.3/opt/sphenix/core/gcc/8.3.0.1-0a5ad/x86_64-centos7/bin/gcc -V >&5
gcc: error: unrecognized command line option '-V'
gcc: fatal error: no input files
compilation terminated.
configure:4002: $? = 1
configure:3991: /cvmfs/sphenix.sdcc.bnl.gov/gcc-8.3/opt/sphenix/core/gcc/8.3.0.1-0a5ad/x86_64-centos7/bin/gcc -qversion >&5
gcc: error: unrecognized command line option '-qversion'; did you mean '--version'?
gcc: fatal error: no input files
compilation terminated.
configure:4002: $? = 1
configure:4006: checking whether we are using the GNU C compiler
configure:4025: /cvmfs/sphenix.sdcc.bnl.gov/gcc-8.3/opt/sphenix/core/gcc/8.3.0.1-0a5ad/x86_64-centos7/bin/gcc -c   conftest.c >&5
configure:4025: $? = 0
configure:4034: result: yes
configure:4043: checking whether /cvmfs/sphenix.sdcc.bnl.gov/gcc-8.3/opt/sphenix/core/gcc/8.3.0.1-0a5ad/x86_64-centos7/bin/gcc accepts -g
configure:4063: /cvmfs/sphenix.sdcc.bnl.gov/gcc-8.3/opt/sphenix/core/gcc/8.3.0.1-0a5ad/x86_64-centos7/bin/gcc -c -g  conftest.c >&5
configure:4063: $? = 0
configure:4104: result: yes
configure:4121: checking for /cvmfs/sphenix.sdcc.bnl.gov/gcc-8.3/opt/sphenix/core/gcc/8.3.0.1-0a5ad/x86_64-centos7/bin/gcc option to accept ISO C89
configure:4184: /cvmfs/sphenix.sdcc.bnl.gov/gcc-8.3/opt/sphenix/core/gcc/8.3.0.1-0a5ad/x86_64-centos7/bin/gcc  -c -g -O2  conftest.c >&5
configure:4184: $? = 0
configure:4197: result: none needed
configure:4219: checking dependency style of /cvmfs/sphenix.sdcc.bnl.gov/gcc-8.3/opt/sphenix/core/gcc/8.3.0.1-0a5ad/x86_64-centos7/bin/gcc
configure:4330: result: gcc3
configure:4345: checking for a sed that does not truncate output
configure:4409: result: /usr/bin/sed
configure:4427: checking for grep that handles long lines and -e
configure:4485: result: /usr/bin/grep
configure:4490: checking for egrep
configure:4552: result: /usr/bin/grep -E
configure:4557: checking for fgrep
configure:4619: result: /usr/bin/grep -F
configure:4654: checking for ld used by /cvmfs/sphenix.sdcc.bnl.gov/gcc-8.3/opt/sphenix/core/gcc/8.3.0.1-0a5ad/x86_64-centos7/bin/gcc
configure:4721: result: /cvmfs/sphenix.sdcc.bnl.gov/gcc-8.3/opt/sphenix/core/binutils/2.30-e5b21/x86_64-centos7/bin/ld
configure:4728: checking if the linker (/cvmfs/sphenix.sdcc.bnl.gov/gcc-8.3/opt/sphenix/core/binutils/2.30-e5b21/x86_64-centos7/bin/ld) is GNU ld
configure:4743: result: yes
configure:4755: checking for BSD- or MS-compatible name lister (nm)
configure:4804: result: /cvmfs/sphenix.sdcc.bnl.gov/gcc-8.3/opt/sphenix/core/binutils/2.30-e5b21/x86_64-centos7/bin/nm -B
configure:4934: checking the name lister (/cvmfs/sphenix.sdcc.bnl.gov/gcc-8.3/opt/sphenix/core/binutils/2.30-e5b21/x86_64-centos7/bin/nm -B) interface
configure:4941: /cvmfs/sphenix.sdcc.bnl.gov/gcc-8.3/opt/sphenix/core/gcc/8.3.0.1-0a5ad/x86_64-centos7/bin/gcc -c -g -O2  conftest.c >&5
configure:4944: /cvmfs/sphenix.sdcc.bnl.gov/gcc-8.3/opt/sphenix/core/binutils/2.30-e5b21/x86_64-centos7/bin/nm -B "conftest.o"
configure:4947: output
0000000000000000 B some_variable
configure:4954: result: BSD nm
configure:4957: checking whether ln -s works
configure:4961: result: yes
configure:4969: checking the maximum length of command line arguments
configure:5099: result: 1572864
configure:5116: checking whether the shell understands some XSI constructs
configure:5126: result: yes
configure:5130: checking whether the shell understands "+="
configure:5136: result: yes
configure:5171: checking how to convert x86_64-unknown-linux-gnu file names to x86_64-unknown-linux-gnu format
configure:5211: result: func_convert_file_noop
configure:5218: checking how to convert x86_64-unknown-linux-gnu file names to toolchain format
configure:5238: result: func_convert_file_noop
configure:5245: checking for /cvmfs/sphenix.sdcc.bnl.gov/gcc-8.3/opt/sphenix/core/binutils/2.30-e5b21/x86_64-centos7/bin/ld option to reload object files
configure:5252: result: -r
configure:5326: checking for objdump
configure:5342: found /cvmfs/sphenix.sdcc.bnl.gov/gcc-8.3/opt/sphenix/core/binutils/2.30-e5b21/x86_64-centos7/bin/objdump
configure:5353: result: objdump
configure:5385: checking how to recognize dependent libraries
configure:5587: result: pass_all
configure:5672: checking for dlltool
configure:5702: result: no
configure:5732: checking how to associate runtime and link libraries
configure:5759: result: printf %s\n
configure:5820: checking for ar
configure:5836: found /cvmfs/sphenix.sdcc.bnl.gov/gcc-8.3/opt/sphenix/core/binutils/2.30-e5b21/x86_64-centos7/bin/ar
configure:5847: result: ar
configure:5884: checking for archiver @FILE support
configure:5901: /cvmfs/sphenix.sdcc.bnl.gov/gcc-8.3/opt/sphenix/core/gcc/8.3.0.1-0a5ad/x86_64-centos7/bin/gcc -c -g -O2  conftest.c >&5
configure:5901: $? = 0
configure:5904: ar cru libconftest.a @conftest.lst >&5
configure:5907: $? = 0
configure:5912: ar cru libconftest.a @conftest.lst >&5
ar: conftest.o: No such file or directory
configure:5915: $? = 1
configure:5927: result: @
configure:5985: checking for strip
configure:6001: found /cvmfs/sphenix.sdcc.bnl.gov/gcc-8.3/opt/sphenix/core/binutils/2.30-e5b21/x86_64-centos7/bin/strip
configure:6012: result: strip
configure:6084: checking for ranlib
configure:6100: found /cvmfs/sphenix.sdcc.bnl.gov/gcc-8.3/opt/sphenix/core/binutils/2.30-e5b21/x86_64-centos7/bin/ranlib
configure:6111: result: ranlib
configure:6213: checking command to parse /cvmfs/sphenix.sdcc.bnl.gov/gcc-8.3/opt/sphenix/core/binutils/2.30-e5b21/x86_64-centos7/bin/nm -B output from /cvmfs/sphenix.sdcc.bnl.gov/gcc-8.3/opt/sphenix/core/gcc/8.3.0.1-0a5ad/x86_64-centos7/bin/gcc object
configure:6333: /cvmfs/sphenix.sdcc.bnl.gov/gcc-8.3/opt/sphenix/core/gcc/8.3.0.1-0a5ad/x86_64-centos7/bin/gcc -c -g -O2  conftest.c >&5
configure:6336: $? = 0
configure:6340: /cvmfs/sphenix.sdcc.bnl.gov/gcc-8.3/opt/sphenix/core/binutils/2.30-e5b21/x86_64-centos7/bin/nm -B conftest.o \| sed -n -e 's/^.*[ ]\([ABCDGIRSTW][ABCDGIRSTW]*\)[ ][ ]*\([_A-Za-z][_A-Za-z0-9]*\)$/\1 \2 \2/p' | sed '/ __gnu_lto/d' \> conftest.nm
configure:6343: $? = 0
configure:6409: /cvmfs/sphenix.sdcc.bnl.gov/gcc-8.3/opt/sphenix/core/gcc/8.3.0.1-0a5ad/x86_64-centos7/bin/gcc -o conftest -g -O2  -Wl,--enable-new-dtags conftest.c conftstm.o >&5
configure:6412: $? = 0
configure:6450: result: ok
configure:6487: checking for sysroot
configure:6517: result: no
configure:6594: /cvmfs/sphenix.sdcc.bnl.gov/gcc-8.3/opt/sphenix/core/gcc/8.3.0.1-0a5ad/x86_64-centos7/bin/gcc -c -g -O2  conftest.c >&5
configure:6597: $? = 0
configure:6773: checking for mt
configure:6803: result: no
configure:6823: checking if : is a manifest tool
configure:6829: : '-?'
configure:6837: result: no
configure:7479: checking how to run the C preprocessor
configure:7510: /cvmfs/sphenix.sdcc.bnl.gov/gcc-8.3/opt/sphenix/core/gcc/8.3.0.1-0a5ad/x86_64-centos7/bin/gcc -E  conftest.c
configure:7510: $? = 0
configure:7524: /cvmfs/sphenix.sdcc.bnl.gov/gcc-8.3/opt/sphenix/core/gcc/8.3.0.1-0a5ad/x86_64-centos7/bin/gcc -E  conftest.c
conftest.c:11:10: fatal error: ac_nonexistent.h: No such file or directory
 #include <ac_nonexistent.h>
          ^~~~~~~~~~~~~~~~~~
compilation terminated.
configure:7524: $? = 1
configure: failed program was:
| /* confdefs.h */
| #define PACKAGE_NAME "g4tpc"
| #define PACKAGE_TARNAME "g4tpc"
| #define PACKAGE_VERSION "1.00"
| #define PACKAGE_STRING "g4tpc 1.00"
| #define PACKAGE_BUGREPORT ""
| #define PACKAGE_URL ""
| #define PACKAGE "g4tpc"
| #define VERSION "1.00"
| /* end confdefs.h.  */
| #include <ac_nonexistent.h>
configure:7549: result: /cvmfs/sphenix.sdcc.bnl.gov/gcc-8.3/opt/sphenix/core/gcc/8.3.0.1-0a5ad/x86_64-centos7/bin/gcc -E
configure:7569: /cvmfs/sphenix.sdcc.bnl.gov/gcc-8.3/opt/sphenix/core/gcc/8.3.0.1-0a5ad/x86_64-centos7/bin/gcc -E  conftest.c
configure:7569: $? = 0
configure:7583: /cvmfs/sphenix.sdcc.bnl.gov/gcc-8.3/opt/sphenix/core/gcc/8.3.0.1-0a5ad/x86_64-centos7/bin/gcc -E  conftest.c
conftest.c:11:10: fatal error: ac_nonexistent.h: No such file or directory
 #include <ac_nonexistent.h>
          ^~~~~~~~~~~~~~~~~~
compilation terminated.
configure:7583: $? = 1
configure: failed program was:
| /* confdefs.h */
| #define PACKAGE_NAME "g4tpc"
| #define PACKAGE_TARNAME "g4tpc"
| #define PACKAGE_VERSION "1.00"
| #define PACKAGE_STRING "g4tpc 1.00"
| #define PACKAGE_BUGREPORT ""
| #define PACKAGE_URL ""
| #define PACKAGE "g4tpc"
| #define VERSION "1.00"
| /* end confdefs.h.  */
| #include <ac_nonexistent.h>
configure:7612: checking for ANSI C header files
configure:7632: /cvmfs/sphenix.sdcc.bnl.gov/gcc-8.3/opt/sphenix/core/gcc/8.3.0.1-0a5ad/x86_64-centos7/bin/gcc -c -g -O2  conftest.c >&5
configure:7632: $? = 0
configure:7705: /cvmfs/sphenix.sdcc.bnl.gov/gcc-8.3/opt/sphenix/core/gcc/8.3.0.1-0a5ad/x86_64-centos7/bin/gcc -o conftest -g -O2  -Wl,--enable-new-dtags conftest.c  >&5
configure:7705: $? = 0
configure:7705: ./conftest
configure:7705: $? = 0
configure:7716: result: yes
configure:7729: checking for sys/types.h
configure:7729: /cvmfs/sphenix.sdcc.bnl.gov/gcc-8.3/opt/sphenix/core/gcc/8.3.0.1-0a5ad/x86_64-centos7/bin/gcc -c -g -O2  conftest.c >&5
configure:7729: $? = 0
configure:7729: result: yes
configure:7729: checking for sys/stat.h
configure:7729: /cvmfs/sphenix.sdcc.bnl.gov/gcc-8.3/opt/sphenix/core/gcc/8.3.0.1-0a5ad/x86_64-centos7/bin/gcc -c -g -O2  conftest.c >&5
configure:7729: $? = 0
configure:7729: result: yes
configure:7729: checking for stdlib.h
configure:7729: /cvmfs/sphenix.sdcc.bnl.gov/gcc-8.3/opt/sphenix/core/gcc/8.3.0.1-0a5ad/x86_64-centos7/bin/gcc -c -g -O2  conftest.c >&5
configure:7729: $? = 0
configure:7729: result: yes
configure:7729: checking for string.h
configure:7729: /cvmfs/sphenix.sdcc.bnl.gov/gcc-8.3/opt/sphenix/core/gcc/8.3.0.1-0a5ad/x86_64-centos7/bin/gcc -c -g -O2  conftest.c >&5
configure:7729: $? = 0
configure:7729: result: yes
configure:7729: checking for memory.h
configure:7729: /cvmfs/sphenix.sdcc.bnl.gov/gcc-8.3/opt/sphenix/core/gcc/8.3.0.1-0a5ad/x86_64-centos7/bin/gcc -c -g -O2  conftest.c >&5
configure:7729: $? = 0
configure:7729: result: yes
configure:7729: checking for strings.h
configure:7729: /cvmfs/sphenix.sdcc.bnl.gov/gcc-8.3/opt/sphenix/core/gcc/8.3.0.1-0a5ad/x86_64-centos7/bin/gcc -c -g -O2  conftest.c >&5
configure:7729: $? = 0
configure:7729: result: yes
configure:7729: checking for inttypes.h
configure:7729: /cvmfs/sphenix.sdcc.bnl.gov/gcc-8.3/opt/sphenix/core/gcc/8.3.0.1-0a5ad/x86_64-centos7/bin/gcc -c -g -O2  conftest.c >&5
configure:7729: $? = 0
configure:7729: result: yes
configure:7729: checking for stdint.h
configure:7729: /cvmfs/sphenix.sdcc.bnl.gov/gcc-8.3/opt/sphenix/core/gcc/8.3.0.1-0a5ad/x86_64-centos7/bin/gcc -c -g -O2  conftest.c >&5
configure:7729: $? = 0
configure:7729: result: yes
configure:7729: checking for unistd.h
configure:7729: /cvmfs/sphenix.sdcc.bnl.gov/gcc-8.3/opt/sphenix/core/gcc/8.3.0.1-0a5ad/x86_64-centos7/bin/gcc -c -g -O2  conftest.c >&5
configure:7729: $? = 0
configure:7729: result: yes
configure:7743: checking for dlfcn.h
configure:7743: /cvmfs/sphenix.sdcc.bnl.gov/gcc-8.3/opt/sphenix/core/gcc/8.3.0.1-0a5ad/x86_64-centos7/bin/gcc -c -g -O2  conftest.c >&5
configure:7743: $? = 0
configure:7743: result: yes
configure:7959: checking for objdir
configure:7974: result: .libs
configure:8241: checking if /cvmfs/sphenix.sdcc.bnl.gov/gcc-8.3/opt/sphenix/core/gcc/8.3.0.1-0a5ad/x86_64-centos7/bin/gcc supports -fno-rtti -fno-exceptions
configure:8259: /cvmfs/sphenix.sdcc.bnl.gov/gcc-8.3/opt/sphenix/core/gcc/8.3.0.1-0a5ad/x86_64-centos7/bin/gcc -c -g -O2  -fno-rtti -fno-exceptions conftest.c >&5
cc1: warning: command line option '-fno-rtti' is valid for C++/ObjC++ but not for C
configure:8263: $? = 0
configure:8276: result: no
configure:8603: checking for /cvmfs/sphenix.sdcc.bnl.gov/gcc-8.3/opt/sphenix/core/gcc/8.3.0.1-0a5ad/x86_64-centos7/bin/gcc option to produce PIC
configure:8610: result: -fPIC -DPIC
configure:8618: checking if /cvmfs/sphenix.sdcc.bnl.gov/gcc-8.3/opt/sphenix/core/gcc/8.3.0.1-0a5ad/x86_64-centos7/bin/gcc PIC flag -fPIC -DPIC works
configure:8636: /cvmfs/sphenix.sdcc.bnl.gov/gcc-8.3/opt/sphenix/core/gcc/8.3.0.1-0a5ad/x86_64-centos7/bin/gcc -c -g -O2  -fPIC -DPIC -DPIC conftest.c >&5
configure:8640: $? = 0
configure:8653: result: yes
configure:8682: checking if /cvmfs/sphenix.sdcc.bnl.gov/gcc-8.3/opt/sphenix/core/gcc/8.3.0.1-0a5ad/x86_64-centos7/bin/gcc static flag -static works
configure:8710: result: no
configure:8725: checking if /cvmfs/sphenix.sdcc.bnl.gov/gcc-8.3/opt/sphenix/core/gcc/8.3.0.1-0a5ad/x86_64-centos7/bin/gcc supports -c -o file.o
configure:8746: /cvmfs/sphenix.sdcc.bnl.gov/gcc-8.3/opt/sphenix/core/gcc/8.3.0.1-0a5ad/x86_64-centos7/bin/gcc -c -g -O2  -o out/conftest2.o conftest.c >&5
configure:8750: $? = 0
configure:8772: result: yes
configure:8780: checking if /cvmfs/sphenix.sdcc.bnl.gov/gcc-8.3/opt/sphenix/core/gcc/8.3.0.1-0a5ad/x86_64-centos7/bin/gcc supports -c -o file.o
configure:8827: result: yes
configure:8860: checking whether the /cvmfs/sphenix.sdcc.bnl.gov/gcc-8.3/opt/sphenix/core/gcc/8.3.0.1-0a5ad/x86_64-centos7/bin/gcc linker (/cvmfs/sphenix.sdcc.bnl.gov/gcc-8.3/opt/sphenix/core/binutils/2.30-e5b21/x86_64-centos7/bin/ld -m elf_x86_64) supports shared libraries
configure:10013: result: yes
configure:10050: checking whether -lc should be explicitly linked in
configure:10058: /cvmfs/sphenix.sdcc.bnl.gov/gcc-8.3/opt/sphenix/core/gcc/8.3.0.1-0a5ad/x86_64-centos7/bin/gcc -c -g -O2  conftest.c >&5
configure:10061: $? = 0
configure:10076: /cvmfs/sphenix.sdcc.bnl.gov/gcc-8.3/opt/sphenix/core/gcc/8.3.0.1-0a5ad/x86_64-centos7/bin/gcc -shared  -fPIC -DPIC conftest.o  -v -Wl,-soname -Wl,conftest -o conftest 2\>\&1 \| /usr/bin/grep  -lc  \>/dev/null 2\>\&1
configure:10079: $? = 0
configure:10093: result: no
configure:10253: checking dynamic linker characteristics
configure:10764: /cvmfs/sphenix.sdcc.bnl.gov/gcc-8.3/opt/sphenix/core/gcc/8.3.0.1-0a5ad/x86_64-centos7/bin/gcc -o conftest -g -O2  -Wl,--enable-new-dtags -Wl,-rpath -Wl,/foo conftest.c  >&5
configure:10764: $? = 0
configure:10990: result: GNU/Linux ld.so
configure:11097: checking how to hardcode library paths into programs
configure:11122: result: immediate
configure:11662: checking whether stripping libraries is possible
configure:11667: result: yes
configure:11702: checking if libtool supports shared libraries
configure:11704: result: yes
configure:11707: checking whether to build shared libraries
configure:11728: result: yes
configure:11731: checking whether to build static libraries
configure:11735: result: no
configure:11758: checking how to run the C++ preprocessor
configure:11785: /cvmfs/sphenix.sdcc.bnl.gov/gcc-8.3/opt/sphenix/core/gcc/8.3.0.1-0a5ad/x86_64-centos7/bin/g++ -E  conftest.cpp
configure:11785: $? = 0
configure:11799: /cvmfs/sphenix.sdcc.bnl.gov/gcc-8.3/opt/sphenix/core/gcc/8.3.0.1-0a5ad/x86_64-centos7/bin/g++ -E  conftest.cpp
conftest.cpp:23:10: fatal error: ac_nonexistent.h: No such file or directory
 #include <ac_nonexistent.h>
          ^~~~~~~~~~~~~~~~~~
compilation terminated.
configure:11799: $? = 1
configure: failed program was:
| /* confdefs.h */
| #define PACKAGE_NAME "g4tpc"
| #define PACKAGE_TARNAME "g4tpc"
| #define PACKAGE_VERSION "1.00"
| #define PACKAGE_STRING "g4tpc 1.00"
| #define PACKAGE_BUGREPORT ""
| #define PACKAGE_URL ""
| #define PACKAGE "g4tpc"
| #define VERSION "1.00"
| #define STDC_HEADERS 1
| #define HAVE_SYS_TYPES_H 1
| #define HAVE_SYS_STAT_H 1
| #define HAVE_STDLIB_H 1
| #define HAVE_STRING_H 1
| #define HAVE_MEMORY_H 1
| #define HAVE_STRINGS_H 1
| #define HAVE_INTTYPES_H 1
| #define HAVE_STDINT_H 1
| #define HAVE_UNISTD_H 1
| #define HAVE_DLFCN_H 1
| #define LT_OBJDIR ".libs/"
| /* end confdefs.h.  */
| #include <ac_nonexistent.h>
configure:11824: result: /cvmfs/sphenix.sdcc.bnl.gov/gcc-8.3/opt/sphenix/core/gcc/8.3.0.1-0a5ad/x86_64-centos7/bin/g++ -E
configure:11844: /cvmfs/sphenix.sdcc.bnl.gov/gcc-8.3/opt/sphenix/core/gcc/8.3.0.1-0a5ad/x86_64-centos7/bin/g++ -E  conftest.cpp
configure:11844: $? = 0
configure:11858: /cvmfs/sphenix.sdcc.bnl.gov/gcc-8.3/opt/sphenix/core/gcc/8.3.0.1-0a5ad/x86_64-centos7/bin/g++ -E  conftest.cpp
conftest.cpp:23:10: fatal error: ac_nonexistent.h: No such file or directory
 #include <ac_nonexistent.h>
          ^~~~~~~~~~~~~~~~~~
compilation terminated.
configure:11858: $? = 1
configure: failed program was:
| /* confdefs.h */
| #define PACKAGE_NAME "g4tpc"
| #define PACKAGE_TARNAME "g4tpc"
| #define PACKAGE_VERSION "1.00"
| #define PACKAGE_STRING "g4tpc 1.00"
| #define PACKAGE_BUGREPORT ""
| #define PACKAGE_URL ""
| #define PACKAGE "g4tpc"
| #define VERSION "1.00"
| #define STDC_HEADERS 1
| #define HAVE_SYS_TYPES_H 1
| #define HAVE_SYS_STAT_H 1
| #define HAVE_STDLIB_H 1
| #define HAVE_STRING_H 1
| #define HAVE_MEMORY_H 1
| #define HAVE_STRINGS_H 1
| #define HAVE_INTTYPES_H 1
| #define HAVE_STDINT_H 1
| #define HAVE_UNISTD_H 1
| #define HAVE_DLFCN_H 1
| #define LT_OBJDIR ".libs/"
| /* end confdefs.h.  */
| #include <ac_nonexistent.h>
configure:12027: checking for ld used by /cvmfs/sphenix.sdcc.bnl.gov/gcc-8.3/opt/sphenix/core/gcc/8.3.0.1-0a5ad/x86_64-centos7/bin/g++
configure:12094: result: /cvmfs/sphenix.sdcc.bnl.gov/gcc-8.3/opt/sphenix/core/binutils/2.30-e5b21/x86_64-centos7/bin/ld -m elf_x86_64
configure:12101: checking if the linker (/cvmfs/sphenix.sdcc.bnl.gov/gcc-8.3/opt/sphenix/core/binutils/2.30-e5b21/x86_64-centos7/bin/ld -m elf_x86_64) is GNU ld
configure:12116: result: yes
configure:12171: checking whether the /cvmfs/sphenix.sdcc.bnl.gov/gcc-8.3/opt/sphenix/core/gcc/8.3.0.1-0a5ad/x86_64-centos7/bin/g++ linker (/cvmfs/sphenix.sdcc.bnl.gov/gcc-8.3/opt/sphenix/core/binutils/2.30-e5b21/x86_64-centos7/bin/ld -m elf_x86_64) supports shared libraries
configure:13176: result: yes
configure:13212: /cvmfs/sphenix.sdcc.bnl.gov/gcc-8.3/opt/sphenix/core/gcc/8.3.0.1-0a5ad/x86_64-centos7/bin/g++ -c -g -O2 -std=c++17  conftest.cpp >&5
configure:13215: $? = 0
configure:13735: checking for /cvmfs/sphenix.sdcc.bnl.gov/gcc-8.3/opt/sphenix/core/gcc/8.3.0.1-0a5ad/x86_64-centos7/bin/g++ option to produce PIC
configure:13742: result: -fPIC -DPIC
configure:13750: checking if /cvmfs/sphenix.sdcc.bnl.gov/gcc-8.3/opt/sphenix/core/gcc/8.3.0.1-0a5ad/x86_64-centos7/bin/g++ PIC flag -fPIC -DPIC works
configure:13768: /cvmfs/sphenix.sdcc.bnl.gov/gcc-8.3/opt/sphenix/core/gcc/8.3.0.1-0a5ad/x86_64-centos7/bin/g++ -c -g -O2 -std=c++17  -fPIC -DPIC -DPIC conftest.cpp >&5
configure:13772: $? = 0
configure:13785: result: yes
configure:13808: checking if /cvmfs/sphenix.sdcc.bnl.gov/gcc-8.3/opt/sphenix/core/gcc/8.3.0.1-0a5ad/x86_64-centos7/bin/g++ static flag -static works
configure:13836: result: no
configure:13848: checking if /cvmfs/sphenix.sdcc.bnl.gov/gcc-8.3/opt/sphenix/core/gcc/8.3.0.1-0a5ad/x86_64-centos7/bin/g++ supports -c -o file.o
configure:13869: /cvmfs/sphenix.sdcc.bnl.gov/gcc-8.3/opt/sphenix/core/gcc/8.3.0.1-0a5ad/x86_64-centos7/bin/g++ -c -g -O2 -std=c++17  -o out/conftest2.o conftest.cpp >&5
configure:13873: $? = 0
configure:13895: result: yes
configure:13900: checking if /cvmfs/sphenix.sdcc.bnl.gov/gcc-8.3/opt/sphenix/core/gcc/8.3.0.1-0a5ad/x86_64-centos7/bin/g++ supports -c -o file.o
configure:13947: result: yes
configure:13977: checking whether the /cvmfs/sphenix.sdcc.bnl.gov/gcc-8.3/opt/sphenix/core/gcc/8.3.0.1-0a5ad/x86_64-centos7/bin/g++ linker (/cvmfs/sphenix.sdcc.bnl.gov/gcc-8.3/opt/sphenix/core/binutils/2.30-e5b21/x86_64-centos7/bin/ld -m elf_x86_64) supports shared libraries
configure:14013: result: yes
configure:14154: checking dynamic linker characteristics
configure:14825: result: GNU/Linux ld.so
configure:14878: checking how to hardcode library paths into programs
configure:14903: result: immediate
configure:15129: checking that generated files are newer than configure
configure:15135: result: done
configure:15162: creating ./config.status

## ---------------------- ##
## Running config.status. ##
## ---------------------- ##

This file was extended by g4tpc config.status 1.00, which was
generated by GNU Autoconf 2.69.  Invocation command line was

  CONFIG_FILES    = 
  CONFIG_HEADERS  = 
  CONFIG_LINKS    = 
  CONFIG_COMMANDS = 
  $ ./config.status 

on sphnx01.sdcc.bnl.gov

config.status:1066: creating Makefile
config.status:1223: executing depfiles commands
config.status:1223: executing libtool commands

## ---------------- ##
## Cache variables. ##
## ---------------- ##

ac_cv_build=x86_64-unknown-linux-gnu
ac_cv_c_compiler_gnu=yes
ac_cv_cxx_compiler_gnu=yes
ac_cv_env_CCC_set=
ac_cv_env_CCC_value=
ac_cv_env_CC_set=set
ac_cv_env_CC_value=/cvmfs/sphenix.sdcc.bnl.gov/gcc-8.3/opt/sphenix/core/gcc/8.3.0.1-0a5ad/x86_64-centos7/bin/gcc
ac_cv_env_CFLAGS_set=
ac_cv_env_CFLAGS_value=
ac_cv_env_CPPFLAGS_set=
ac_cv_env_CPPFLAGS_value=
ac_cv_env_CPP_set=
ac_cv_env_CPP_value=
ac_cv_env_CXXCPP_set=
ac_cv_env_CXXCPP_value=
ac_cv_env_CXXFLAGS_set=
ac_cv_env_CXXFLAGS_value=
ac_cv_env_CXX_set=set
ac_cv_env_CXX_value=/cvmfs/sphenix.sdcc.bnl.gov/gcc-8.3/opt/sphenix/core/gcc/8.3.0.1-0a5ad/x86_64-centos7/bin/g++
ac_cv_env_LDFLAGS_set=
ac_cv_env_LDFLAGS_value=
ac_cv_env_LIBS_set=
ac_cv_env_LIBS_value=
ac_cv_env_build_alias_set=
ac_cv_env_build_alias_value=
ac_cv_env_host_alias_set=
ac_cv_env_host_alias_value=
ac_cv_env_target_alias_set=
ac_cv_env_target_alias_value=
ac_cv_header_dlfcn_h=yes
ac_cv_header_inttypes_h=yes
ac_cv_header_memory_h=yes
ac_cv_header_stdc=yes
ac_cv_header_stdint_h=yes
ac_cv_header_stdlib_h=yes
ac_cv_header_string_h=yes
ac_cv_header_strings_h=yes
ac_cv_header_sys_stat_h=yes
ac_cv_header_sys_types_h=yes
ac_cv_header_unistd_h=yes
ac_cv_host=x86_64-unknown-linux-gnu
ac_cv_objext=o
ac_cv_path_EGREP='/usr/bin/grep -E'
ac_cv_path_FGREP='/usr/bin/grep -F'
ac_cv_path_GREP=/usr/bin/grep
ac_cv_path_SED=/usr/bin/sed
ac_cv_path_install='/usr/bin/install -c'
ac_cv_path_mkdir=/usr/bin/mkdir
ac_cv_prog_AWK=gawk
ac_cv_prog_CPP='/cvmfs/sphenix.sdcc.bnl.gov/gcc-8.3/opt/sphenix/core/gcc/8.3.0.1-0a5ad/x86_64-centos7/bin/gcc -E'
ac_cv_prog_CXXCPP='/cvmfs/sphenix.sdcc.bnl.gov/gcc-8.3/opt/sphenix/core/gcc/8.3.0.1-0a5ad/x86_64-centos7/bin/g++ -E'
ac_cv_prog_ac_ct_AR=ar
ac_cv_prog_ac_ct_CC=/cvmfs/sphenix.sdcc.bnl.gov/gcc-8.3/opt/sphenix/core/gcc/8.3.0.1-0a5ad/x86_64-centos7/bin/gcc
ac_cv_prog_ac_ct_OBJDUMP=objdump
ac_cv_prog_ac_ct_RANLIB=ranlib
ac_cv_prog_ac_ct_STRIP=strip
ac_cv_prog_cc_c89=
ac_cv_prog_cc_g=yes
ac_cv_prog_cxx_g=yes
ac_cv_prog_make_make_set=yes
am_cv_CC_dependencies_compiler_type=gcc3
am_cv_CXX_dependencies_compiler_type=gcc3
am_cv_make_support_nested_variables=yes
lt_cv_ar_at_file=@
lt_cv_archive_cmds_need_lc=no
lt_cv_deplibs_check_method=pass_all
lt_cv_file_magic_cmd='$MAGIC_CMD'
lt_cv_file_magic_test_file=
lt_cv_ld_reload_flag=-r
lt_cv_nm_interface='BSD nm'
lt_cv_objdir=.libs
lt_cv_path_LD=/cvmfs/sphenix.sdcc.bnl.gov/gcc-8.3/opt/sphenix/core/binutils/2.30-e5b21/x86_64-centos7/bin/ld
lt_cv_path_LDCXX='/cvmfs/sphenix.sdcc.bnl.gov/gcc-8.3/opt/sphenix/core/binutils/2.30-e5b21/x86_64-centos7/bin/ld -m elf_x86_64'
lt_cv_path_NM='/cvmfs/sphenix.sdcc.bnl.gov/gcc-8.3/opt/sphenix/core/binutils/2.30-e5b21/x86_64-centos7/bin/nm -B'
lt_cv_path_mainfest_tool=no
lt_cv_prog_compiler_c_o=yes
lt_cv_prog_compiler_c_o_CXX=yes
lt_cv_prog_compiler_pic='-fPIC -DPIC'
lt_cv_prog_compiler_pic_CXX='-fPIC -DPIC'
lt_cv_prog_compiler_pic_works=yes
lt_cv_prog_compiler_pic_works_CXX=yes
lt_cv_prog_compiler_rtti_exceptions=no
lt_cv_prog_compiler_static_works=no
lt_cv_prog_compiler_static_works_CXX=no
lt_cv_prog_gnu_ld=yes
lt_cv_prog_gnu_ldcxx=yes
lt_cv_sharedlib_from_linklib_cmd='printf %s\n'
lt_cv_shlibpath_overrides_runpath=yes
lt_cv_sys_global_symbol_pipe='sed -n -e '\''s/^.*[	 ]\([ABCDGIRSTW][ABCDGIRSTW]*\)[	 ][	 ]*\([_A-Za-z][_A-Za-z0-9]*\)$/\1 \2 \2/p'\'' | sed '\''/ __gnu_lto/d'\'''
lt_cv_sys_global_symbol_to_c_name_address='sed -n -e '\''s/^: \([^ ]*\)[ ]*$/  {\"\1\", (void *) 0},/p'\'' -e '\''s/^[ABCDGIRSTW]* \([^ ]*\) \([^ ]*\)$/  {"\2", (void *) \&\2},/p'\'''
lt_cv_sys_global_symbol_to_c_name_address_lib_prefix='sed -n -e '\''s/^: \([^ ]*\)[ ]*$/  {\"\1\", (void *) 0},/p'\'' -e '\''s/^[ABCDGIRSTW]* \([^ ]*\) \(lib[^ ]*\)$/  {"\2", (void *) \&\2},/p'\'' -e '\''s/^[ABCDGIRSTW]* \([^ ]*\) \([^ ]*\)$/  {"lib\2", (void *) \&\2},/p'\'''
lt_cv_sys_global_symbol_to_cdecl='sed -n -e '\''s/^T .* \(.*\)$/extern int \1();/p'\'' -e '\''s/^[ABCDGIRSTW]* .* \(.*\)$/extern char \1;/p'\'''
lt_cv_sys_max_cmd_len=1572864
lt_cv_to_host_file_cmd=func_convert_file_noop
lt_cv_to_tool_file_cmd=func_convert_file_noop

## ----------------- ##
## Output variables. ##
## ----------------- ##

ACLOCAL='${SHELL} /sphenix/u/dstewart/g4tpc/missing aclocal-1.13'
AMDEPBACKSLASH='\'
AMDEP_FALSE='#'
AMDEP_TRUE=''
AMTAR='$${TAR-tar}'
AM_BACKSLASH='\'
AM_DEFAULT_V='$(AM_DEFAULT_VERBOSITY)'
AM_DEFAULT_VERBOSITY='1'
AM_V='$(V)'
AR='ar'
AUTOCONF='${SHELL} /sphenix/u/dstewart/g4tpc/missing autoconf'
AUTOHEADER='${SHELL} /sphenix/u/dstewart/g4tpc/missing autoheader'
AUTOMAKE='${SHELL} /sphenix/u/dstewart/g4tpc/missing automake-1.13'
AWK='gawk'
CC='/cvmfs/sphenix.sdcc.bnl.gov/gcc-8.3/opt/sphenix/core/gcc/8.3.0.1-0a5ad/x86_64-centos7/bin/gcc'
CCDEPMODE='depmode=gcc3'
CFLAGS='-g -O2'
CINTDEFS=' -noIncludePaths  -inlineInputHeader -Wno-inconsistent-missing-override '
CPP='/cvmfs/sphenix.sdcc.bnl.gov/gcc-8.3/opt/sphenix/core/gcc/8.3.0.1-0a5ad/x86_64-centos7/bin/gcc -E'
CPPFLAGS=''
CXX='/cvmfs/sphenix.sdcc.bnl.gov/gcc-8.3/opt/sphenix/core/gcc/8.3.0.1-0a5ad/x86_64-centos7/bin/g++'
CXXCPP='/cvmfs/sphenix.sdcc.bnl.gov/gcc-8.3/opt/sphenix/core/gcc/8.3.0.1-0a5ad/x86_64-centos7/bin/g++ -E'
CXXDEPMODE='depmode=gcc3'
CXXFLAGS='-g -O2 -std=c++17 -Wall -Werror -Wextra -Wshadow -Wno-vla'
CYGPATH_W='echo'
DEFS='-DPACKAGE_NAME=\"g4tpc\" -DPACKAGE_TARNAME=\"g4tpc\" -DPACKAGE_VERSION=\"1.00\" -DPACKAGE_STRING=\"g4tpc\ 1.00\" -DPACKAGE_BUGREPORT=\"\" -DPACKAGE_URL=\"\" -DPACKAGE=\"g4tpc\" -DVERSION=\"1.00\" -DSTDC_HEADERS=1 -DHAVE_SYS_TYPES_H=1 -DHAVE_SYS_STAT_H=1 -DHAVE_STDLIB_H=1 -DHAVE_STRING_H=1 -DHAVE_MEMORY_H=1 -DHAVE_STRINGS_H=1 -DHAVE_INTTYPES_H=1 -DHAVE_STDINT_H=1 -DHAVE_UNISTD_H=1 -DHAVE_DLFCN_H=1 -DLT_OBJDIR=\".libs/\"'
DEPDIR='.deps'
DLLTOOL='false'
DSYMUTIL=''
DUMPBIN=''
ECHO_C=''
ECHO_N='-n'
ECHO_T=''
EGREP='/usr/bin/grep -E'
EXEEXT=''
FGREP='/usr/bin/grep -F'
GREP='/usr/bin/grep'
INSTALL_DATA='${INSTALL} -m 644'
INSTALL_PROGRAM='${INSTALL}'
INSTALL_SCRIPT='${INSTALL}'
INSTALL_STRIP_PROGRAM='$(install_sh) -c -s'
LD='/cvmfs/sphenix.sdcc.bnl.gov/gcc-8.3/opt/sphenix/core/binutils/2.30-e5b21/x86_64-centos7/bin/ld -m elf_x86_64'
LDFLAGS='-Wl,--enable-new-dtags'
LIBOBJS=''
LIBS=''
LIBTOOL='$(SHELL) $(top_builddir)/libtool'
LIPO=''
LN_S='ln -s'
LTLIBOBJS=''
MAKEINFO='${SHELL} /sphenix/u/dstewart/g4tpc/missing makeinfo'
MANIFEST_TOOL=':'
MKDIR_P='/usr/bin/mkdir -p'
NM='/cvmfs/sphenix.sdcc.bnl.gov/gcc-8.3/opt/sphenix/core/binutils/2.30-e5b21/x86_64-centos7/bin/nm -B'
NMEDIT=''
OBJDUMP='objdump'
OBJEXT='o'
OTOOL64=''
OTOOL=''
PACKAGE='g4tpc'
PACKAGE_BUGREPORT=''
PACKAGE_NAME='g4tpc'
PACKAGE_STRING='g4tpc 1.00'
PACKAGE_TARNAME='g4tpc'
PACKAGE_URL=''
PACKAGE_VERSION='1.00'
PATH_SEPARATOR=':'
RANLIB='ranlib'
SED='/usr/bin/sed'
SET_MAKE=''
SHELL='/bin/sh'
STRIP='strip'
VERSION='1.00'
ac_ct_AR='ar'
ac_ct_CC='/cvmfs/sphenix.sdcc.bnl.gov/gcc-8.3/opt/sphenix/core/gcc/8.3.0.1-0a5ad/x86_64-centos7/bin/gcc'
ac_ct_CXX=''
ac_ct_DUMPBIN=''
am__EXEEXT_FALSE=''
am__EXEEXT_TRUE='#'
am__fastdepCC_FALSE='#'
am__fastdepCC_TRUE=''
am__fastdepCXX_FALSE='#'
am__fastdepCXX_TRUE=''
am__include='include'
am__isrc=' -I$(srcdir)'
am__leading_dot='.'
am__nodep='_no'
am__quote=''
am__tar='$${TAR-tar} chof - "$$tardir"'
am__untar='$${TAR-tar} xf -'
bindir='${exec_prefix}/bin'
build='x86_64-unknown-linux-gnu'
build_alias=''
build_cpu='x86_64'
build_os='linux-gnu'
build_vendor='unknown'
datadir='${datarootdir}'
datarootdir='${prefix}/share'
docdir='${datarootdir}/doc/${PACKAGE_TARNAME}'
dvidir='${docdir}'
exec_prefix='${prefix}'
host='x86_64-unknown-linux-gnu'
host_alias=''
host_cpu='x86_64'
host_os='linux-gnu'
host_vendor='unknown'
htmldir='${docdir}'
includedir='${prefix}/include'
infodir='${datarootdir}/info'
install_sh='${SHELL} /sphenix/u/dstewart/g4tpc/install-sh'
libdir='${exec_prefix}/lib'
libexecdir='${exec_prefix}/libexec'
localedir='${datarootdir}/locale'
localstatedir='${prefix}/var'
mandir='${datarootdir}/man'
mkdir_p='$(MKDIR_P)'
oldincludedir='/usr/include'
pdfdir='${docdir}'
prefix='/direct/sphenix+u/dstewart/install'
program_transform_name='s,x,x,'
psdir='${docdir}'
sbindir='${exec_prefix}/sbin'
sharedstatedir='${prefix}/com'
sysconfdir='${prefix}/etc'
target_alias=''

## ----------- ##
## confdefs.h. ##
## ----------- ##

/* confdefs.h */
#define PACKAGE_NAME "g4tpc"
#define PACKAGE_TARNAME "g4tpc"
#define PACKAGE_VERSION "1.00"
#define PACKAGE_STRING "g4tpc 1.00"
#define PACKAGE_BUGREPORT ""
#define PACKAGE_URL ""
#define PACKAGE "g4tpc"
#define VERSION "1.00"
#define STDC_HEADERS 1
#define HAVE_SYS_TYPES_H 1
#define HAVE_SYS_STAT_H 1
#define HAVE_STDLIB_H 1
#define HAVE_STRING_H 1
#define HAVE_MEMORY_H 1
#define HAVE_STRINGS_H 1
#define HAVE_INTTYPES_H 1
#define HAVE_STDINT_H 1
#define HAVE_UNISTD_H 1
#define HAVE_DLFCN_H 1
#define LT_OBJDIR ".libs/"

configure: exit 0

## ---------------------- ##
## Running config.status. ##
## ---------------------- ##

This file was extended by g4tpc config.status 1.00, which was
generated by GNU Autoconf 2.69.  Invocation command line was

  CONFIG_FILES    = 
  CONFIG_HEADERS  = 
  CONFIG_LINKS    = 
  CONFIG_COMMANDS = 
  $ ./config.status Makefile depfiles

on sphnx02.sdcc.bnl.gov

config.status:1066: creating Makefile
config.status:1223: executing depfiles commands
